This is pdfeTeX, Version 3.141592-1.30.6-2.2 (MiKTeX 2.5) (preloaded format=pdflatex 2007.4.20)  22 AUG 2007 10:17
entering extended mode
**C:/Users/Maggy/Documents/MathEnJeu/Jonathan/QuestionsJonathanSec1/Questions14
00_1613.tex

(C:\Users\Maggy\Documents\MathEnJeu\Jonathan\QuestionsJonathanSec1\Questions140
0_1613.tex
LaTeX2e <2005/12/01>
Babel <v3.8g> and hyphenation patterns for english, dumylang, nohyphenation, ge
rman, ngerman, french, loaded.
("C:\Program Files\MiKTeX 2.5\tex\latex\base\latex209.def"
File: latex209.def 1998/05/13 v0.52 Standard LaTeX file


          Entering LaTeX 2.09 COMPATIBILITY MODE
 *************************************************************
    !!WARNING!!    !!WARNING!!    !!WARNING!!    !!WARNING!!   
 
 This mode attempts to provide an emulation of the LaTeX 2.09
 author environment so that OLD documents can be successfully
 processed. It should NOT be used for NEW documents!
 
 New documents should use Standard LaTeX conventions and start
 with the \documentclass command.
 
 Compatibility mode is UNLIKELY TO WORK with LaTeX 2.09 style
 files that change any internal macros, especially not with
 those that change the FONT SELECTION or OUTPUT ROUTINES.
 
 Therefore such style files MUST BE UPDATED to use
          Current Standard LaTeX: LaTeX2e.
 If you suspect that you may be using such a style file, which
 is probably very, very old by now, then you should attempt to
 get it updated by sending a copy of this error message to the
 author of that file.
 *************************************************************

\footheight=\dimen102
\@maxsep=\dimen103
\@dblmaxsep=\dimen104
\@cla=\count79
\@clb=\count80
\mscount=\count81
("C:\Program Files\MiKTeX 2.5\tex\latex\base\tracefnt.sty"
Package: tracefnt 1997/05/29 v3.0j Standard LaTeX package (font tracing)
\tracingfonts=\count82
LaTeX Info: Redefining \selectfont on input line 101.
)
\symbold=\mathgroup4
\symsans=\mathgroup5
\symtypewriter=\mathgroup6
\symitalic=\mathgroup7
\symsmallcaps=\mathgroup8
\symslanted=\mathgroup9
LaTeX Font Info:    Redeclaring math alphabet \mathbf on input line 293.
LaTeX Font Info:    Redeclaring math alphabet \mathsf on input line 294.
LaTeX Font Info:    Redeclaring math alphabet \mathtt on input line 295.
LaTeX Font Info:    Redeclaring math alphabet \mathit on input line 301.
LaTeX Info: Redefining \em on input line 311.

("C:\Program Files\MiKTeX 2.5\tex\latex\base\latexsym.sty"
Package: latexsym 1998/08/17 v2.2e Standard LaTeX package (lasy symbols)
\symlasy=\mathgroup10
LaTeX Font Info:    Overwriting symbol font `lasy' in version `bold'
(Font)                  U/lasy/m/n --> U/lasy/b/n on input line 47.
)
LaTeX Font Info:    Redeclaring math delimiter \lgroup on input line 375.
LaTeX Font Info:    Redeclaring math delimiter \rgroup on input line 377.
LaTeX Font Info:    Redeclaring math delimiter \bracevert on input line 379.
)
("C:\Program Files\MiKTeX 2.5\tex\latex\base\article.cls"
Document Class: article 2005/09/16 v1.4f Standard LaTeX document class
("C:\Program Files\MiKTeX 2.5\tex\latex\base\size12.clo"
File: size12.clo 2005/09/16 v1.4f Standard LaTeX file (size option)
)
\c@part=\count83
\c@section=\count84
\c@subsection=\count85
\c@subsubsection=\count86
\c@paragraph=\count87
\c@subparagraph=\count88
\c@figure=\count89
\c@table=\count90
\abovecaptionskip=\skip41
\belowcaptionskip=\skip42
Compatibility mode: definition of \rm ignored.
Compatibility mode: definition of \sf ignored.
Compatibility mode: definition of \tt ignored.
Compatibility mode: definition of \bf ignored.
Compatibility mode: definition of \it ignored.
Compatibility mode: definition of \sl ignored.
Compatibility mode: definition of \sc ignored.
LaTeX Info: Redefining \cal on input line 506.
LaTeX Info: Redefining \mit on input line 507.
\bibindent=\dimen105
)
(Questions1400_1613.aux)
LaTeX Font Info:    Checking defaults for OML/cmm/m/it on input line 10.
LaTeX Font Info:    ... okay on input line 10.
LaTeX Font Info:    Checking defaults for T1/cmr/m/n on input line 10.
LaTeX Font Info:    ... okay on input line 10.
LaTeX Font Info:    Checking defaults for OT1/cmr/m/n on input line 10.
LaTeX Font Info:    ... okay on input line 10.
LaTeX Font Info:    Checking defaults for OMS/cmsy/m/n on input line 10.
LaTeX Font Info:    ... okay on input line 10.
LaTeX Font Info:    Checking defaults for OMX/cmex/m/n on input line 10.
LaTeX Font Info:    ... okay on input line 10.
LaTeX Font Info:    Checking defaults for U/cmr/m/n on input line 10.
LaTeX Font Info:    ... okay on input line 10.

Underfull \hbox (badness 10000) in paragraph at lines 12--13

 []

LaTeX Font Info:    External font `cmex10' loaded for size
(Font)              <12> on input line 13.
LaTeX Font Info:    External font `cmex10' loaded for size
(Font)              <8> on input line 13.
LaTeX Font Info:    External font `cmex10' loaded for size
(Font)              <6> on input line 13.
LaTeX Font Info:    Try loading font information for U+lasy on input line 13.
("C:\Program Files\MiKTeX 2.5\tex\latex\base\ulasy.fd"
File: ulasy.fd 1998/08/17 v2.2e LaTeX symbol font definitions
)
Underfull \hbox (badness 10000) in paragraph at lines 13--18

 []


Underfull \hbox (badness 10000) in paragraph at lines 19--20

 []


Underfull \hbox (badness 10000) in paragraph at lines 26--28

 []


Underfull \hbox (badness 10000) in paragraph at lines 36--43

 []


Underfull \hbox (badness 10000) in paragraph at lines 44--45

 []


Underfull \hbox (badness 10000) in paragraph at lines 46--52

 []

[1

{psfonts.map}]
Underfull \hbox (badness 10000) in paragraph at lines 53--62

 []


Underfull \hbox (badness 10000) in paragraph at lines 63--64

 []


Underfull \hbox (badness 10000) in paragraph at lines 65--73

 []

LaTeX Font Warning: Command \LARGE invalid in math mode on input line 75.

Underfull \hbox (badness 10000) in paragraph at lines 75--80

 []


Underfull \hbox (badness 10000) in paragraph at lines 81--82

 []

LaTeX Font Warning: Command \LARGE invalid in math mode on input line 91.

Underfull \hbox (badness 10000) in paragraph at lines 91--93

 []

LaTeX Font Warning: Command \LARGE invalid in math mode on input line 95.
[2]
Underfull \hbox (badness 10000) in paragraph at lines 95--100

 []


Underfull \hbox (badness 10000) in paragraph at lines 101--102

 []

LaTeX Font Warning: Command \LARGE invalid in math mode on input line 111.
LaTeX Font Warning: Command \LARGE invalid in math mode on input line 111.
LaTeX Font Warning: Command \LARGE invalid in math mode on input line 112.
LaTeX Font Warning: Command \LARGE invalid in math mode on input line 112.

Underfull \hbox (badness 10000) in paragraph at lines 113--115

 []


Underfull \hbox (badness 10000) in paragraph at lines 117--122

 []


Underfull \hbox (badness 10000) in paragraph at lines 123--124

 []

[3]
Underfull \hbox (badness 10000) in paragraph at lines 136--138

 []


Underfull \hbox (badness 10000) in paragraph at lines 142--147

 []


Underfull \hbox (badness 10000) in paragraph at lines 148--149

 []


Underfull \hbox (badness 10000) in paragraph at lines 156--159

 []


Underfull \hbox (badness 10000) in paragraph at lines 162--167

 []


Underfull \hbox (badness 10000) in paragraph at lines 168--169

 []

[4]
Underfull \hbox (badness 10000) in paragraph at lines 178--179

 []

LaTeX Font Info:    External font `cmex10' loaded for size
(Font)              <14.4> on input line 184.
LaTeX Font Info:    External font `cmex10' loaded for size
(Font)              <7> on input line 184.

Underfull \hbox (badness 10000) in paragraph at lines 180--185

 []


Underfull \hbox (badness 10000) in paragraph at lines 186--187

 []


Underfull \hbox (badness 10000) in paragraph at lines 188--191

 []


Underfull \hbox (badness 10000) in paragraph at lines 193--200

 []


Underfull \hbox (badness 10000) in paragraph at lines 201--202

 []


Underfull \hbox (badness 10000) in paragraph at lines 207--209

 []


Underfull \hbox (badness 10000) in paragraph at lines 212--217

 []

[5]
Underfull \hbox (badness 10000) in paragraph at lines 218--219

 []


Underfull \hbox (badness 10000) in paragraph at lines 229--231

 []


Underfull \hbox (badness 10000) in paragraph at lines 239--240

 []


Underfull \hbox (badness 10000) in paragraph at lines 241--246

 []


Underfull \hbox (badness 10000) in paragraph at lines 247--248

 []

[6]
Underfull \hbox (badness 10000) in paragraph at lines 260--261

 []


Underfull \hbox (badness 10000) in paragraph at lines 264--265

 []


Underfull \hbox (badness 10000) in paragraph at lines 266--270

 []


Underfull \hbox (badness 10000) in paragraph at lines 271--272

 []


Underfull \hbox (badness 10000) in paragraph at lines 286--287

 []


Underfull \hbox (badness 10000) in paragraph at lines 288--293

 []


Underfull \hbox (badness 10000) in paragraph at lines 294--295

 []

[7]
Underfull \hbox (badness 10000) in paragraph at lines 296--306

 []


Underfull \hbox (badness 10000) in paragraph at lines 307--312

 []


Underfull \hbox (badness 10000) in paragraph at lines 313--314

 []


Underfull \hbox (badness 10000) in paragraph at lines 317--321

 []


Underfull \hbox (badness 10000) in paragraph at lines 323--334

 []


Underfull \hbox (badness 10000) in paragraph at lines 335--336

 []

[8]
Underfull \hbox (badness 10000) in paragraph at lines 345--350

 []


Underfull \hbox (badness 10000) in paragraph at lines 355--356

 []


Underfull \hbox (badness 10000) in paragraph at lines 357--361

 []


Underfull \hbox (badness 10000) in paragraph at lines 362--363

 []


Underfull \hbox (badness 10000) in paragraph at lines 373--375

 []


Underfull \hbox (badness 10000) in paragraph at lines 376--383

 []


Underfull \hbox (badness 10000) in paragraph at lines 384--385

 []


Underfull \hbox (badness 10000) in paragraph at lines 386--393

 []

[9]
Underfull \hbox (badness 10000) in paragraph at lines 394--395

 []


Underfull \hbox (badness 10000) in paragraph at lines 396--405

 []


Underfull \hbox (badness 10000) in paragraph at lines 406--410

 []


Underfull \hbox (badness 10000) in paragraph at lines 411--412

 []


Underfull \hbox (badness 10000) in paragraph at lines 413--418

 []


Underfull \hbox (badness 10000) in paragraph at lines 419--426

 []


Underfull \hbox (badness 10000) in paragraph at lines 427--428

 []


Underfull \hbox (badness 10000) in paragraph at lines 429--436

 []


Underfull \hbox (badness 10000) in paragraph at lines 437--438

 []


Underfull \hbox (badness 10000) in paragraph at lines 439--444

 []

[10]
Underfull \hbox (badness 10000) in paragraph at lines 445--449

 []


Underfull \hbox (badness 10000) in paragraph at lines 450--451

 []


Underfull \hbox (badness 10000) in paragraph at lines 452--457

 []


Underfull \hbox (badness 10000) in paragraph at lines 458--466

 []


Underfull \hbox (badness 10000) in paragraph at lines 467--468

 []


Underfull \hbox (badness 10000) in paragraph at lines 473--475

 []


Underfull \hbox (badness 10000) in paragraph at lines 477--482

 []


Underfull \hbox (badness 10000) in paragraph at lines 483--484

 []


Underfull \hbox (badness 10000) in paragraph at lines 485--490

 []


Underfull \hbox (badness 10000) in paragraph at lines 491--496

 []

[11]
Underfull \hbox (badness 10000) in paragraph at lines 497--498

 []


Underfull \hbox (badness 10000) in paragraph at lines 502--506

 []


Underfull \hbox (badness 10000) in paragraph at lines 507--514

 []


Underfull \hbox (badness 10000) in paragraph at lines 515--516

 []


Underfull \hbox (badness 10000) in paragraph at lines 517--520

 []


Underfull \hbox (badness 10000) in paragraph at lines 521--530

 []


Underfull \hbox (badness 10000) in paragraph at lines 531--532

 []


Underfull \hbox (badness 10000) in paragraph at lines 537--539

 []


Underfull \hbox (badness 10000) in paragraph at lines 540--545

 []

[12]
Underfull \hbox (badness 10000) in paragraph at lines 546--547

 []


Underfull \hbox (badness 10000) in paragraph at lines 548--552

 []


Underfull \hbox (badness 10000) in paragraph at lines 553--561

 []


Underfull \hbox (badness 10000) in paragraph at lines 562--563

 []


Underfull \hbox (badness 10000) in paragraph at lines 564--569

 []


Underfull \hbox (badness 10000) in paragraph at lines 570--578

 []


Underfull \hbox (badness 10000) in paragraph at lines 579--580

 []


Underfull \hbox (badness 10000) in paragraph at lines 581--585

 []


Underfull \hbox (badness 10000) in paragraph at lines 588--593

 []

[13]
Underfull \hbox (badness 10000) in paragraph at lines 594--595

 []


Underfull \hbox (badness 10000) in paragraph at lines 596--600

 []


Underfull \hbox (badness 10000) in paragraph at lines 601--606

 []


Underfull \hbox (badness 10000) in paragraph at lines 607--608

 []


Underfull \hbox (badness 10000) in paragraph at lines 609--614

 []


Underfull \hbox (badness 10000) in paragraph at lines 615--620

 []


Underfull \hbox (badness 10000) in paragraph at lines 621--622

 []


Underfull \hbox (badness 10000) in paragraph at lines 623--625

 []


Underfull \hbox (badness 10000) in paragraph at lines 626--634

 []


Underfull \hbox (badness 10000) in paragraph at lines 635--636

 []

[14]
Underfull \hbox (badness 10000) in paragraph at lines 637--641

 []


Underfull \hbox (badness 10000) in paragraph at lines 642--648

 []


Underfull \hbox (badness 10000) in paragraph at lines 649--650

 []


Underfull \hbox (badness 10000) in paragraph at lines 653--656

 []


Underfull \hbox (badness 10000) in paragraph at lines 657--665

 []


Underfull \hbox (badness 10000) in paragraph at lines 666--667

 []


Underfull \hbox (badness 10000) in paragraph at lines 668--672

 []


Underfull \hbox (badness 10000) in paragraph at lines 673--678

 []


Underfull \hbox (badness 10000) in paragraph at lines 679--680

 []


Underfull \hbox (badness 10000) in paragraph at lines 681--684

 []

[15]
Underfull \hbox (badness 10000) in paragraph at lines 685--690

 []


Underfull \hbox (badness 10000) in paragraph at lines 691--692

 []


Underfull \hbox (badness 10000) in paragraph at lines 693--699

 []


Underfull \hbox (badness 10000) in paragraph at lines 700--705

 []


Underfull \hbox (badness 10000) in paragraph at lines 706--707

 []


Underfull \hbox (badness 10000) in paragraph at lines 708--713

 []


Underfull \hbox (badness 10000) in paragraph at lines 714--715

 []


Underfull \hbox (badness 10000) in paragraph at lines 715--720

 []


Underfull \hbox (badness 10000) in paragraph at lines 721--722

 []


Underfull \hbox (badness 10000) in paragraph at lines 723--728

 []

[16]
Underfull \hbox (badness 10000) in paragraph at lines 732--734

 []


Underfull \hbox (badness 10000) in paragraph at lines 735--747

 []


Underfull \hbox (badness 10000) in paragraph at lines 748--749

 []


Underfull \hbox (badness 10000) in paragraph at lines 750--758

 []


Underfull \hbox (badness 10000) in paragraph at lines 760--765

 []


Underfull \hbox (badness 10000) in paragraph at lines 766--767

 []


Underfull \hbox (badness 10000) in paragraph at lines 768--775

 []

[17]
Underfull \hbox (badness 10000) in paragraph at lines 777--782

 []


Underfull \hbox (badness 10000) in paragraph at lines 783--784

 []


Underfull \hbox (badness 10000) in paragraph at lines 790--793

 []


Underfull \hbox (badness 10000) in paragraph at lines 794--799

 []


Underfull \hbox (badness 10000) in paragraph at lines 800--801

 []


Underfull \hbox (badness 10000) in paragraph at lines 805--807

 []

[18]
Underfull \hbox (badness 10000) in paragraph at lines 808--813

 []


Underfull \hbox (badness 10000) in paragraph at lines 814--815

 []


Underfull \hbox (badness 10000) in paragraph at lines 816--826

 []


Underfull \hbox (badness 10000) in paragraph at lines 827--832

 []


Underfull \hbox (badness 10000) in paragraph at lines 833--834

 []


Underfull \hbox (badness 10000) in paragraph at lines 835--839

 []


Underfull \hbox (badness 10000) in paragraph at lines 840--847

 []


Underfull \hbox (badness 10000) in paragraph at lines 848--849

 []

[19]
Underfull \hbox (badness 10000) in paragraph at lines 855--859

 []


Underfull \hbox (badness 10000) in paragraph at lines 860--867

 []


Underfull \hbox (badness 10000) in paragraph at lines 868--869

 []


Underfull \hbox (badness 10000) in paragraph at lines 870--874

 []


Underfull \hbox (badness 10000) in paragraph at lines 875--877

 []


Underfull \hbox (badness 10000) in paragraph at lines 878--889

 []


Underfull \hbox (badness 10000) in paragraph at lines 890--891

 []


Underfull \hbox (badness 10000) in paragraph at lines 894--895

 []


Underfull \hbox (badness 10000) in paragraph at lines 897--899

 []


Underfull \hbox (badness 10000) in paragraph at lines 900--907

 []

[20]
Underfull \hbox (badness 10000) in paragraph at lines 908--909

 []


Underfull \hbox (badness 10000) in paragraph at lines 915--917

 []


Underfull \hbox (badness 10000) in paragraph at lines 918--927

 []


Underfull \hbox (badness 10000) in paragraph at lines 928--929

 []


Underfull \hbox (badness 10000) in paragraph at lines 932--934

 []


Underfull \hbox (badness 10000) in paragraph at lines 935--940

 []


Underfull \hbox (badness 10000) in paragraph at lines 941--942

 []


Underfull \hbox (badness 10000) in paragraph at lines 943--946

 []


Underfull \hbox (badness 10000) in paragraph at lines 947--953

 []

[21]
Underfull \hbox (badness 10000) in paragraph at lines 954--955

 []


Underfull \hbox (badness 10000) in paragraph at lines 956--960

 []


Underfull \hbox (badness 10000) in paragraph at lines 961--969

 []


Underfull \hbox (badness 10000) in paragraph at lines 970--971

 []


Underfull \hbox (badness 10000) in paragraph at lines 972--977

 []


Underfull \hbox (badness 10000) in paragraph at lines 978--989

 []


Underfull \hbox (badness 10000) in paragraph at lines 990--991

 []


Underfull \hbox (badness 10000) in paragraph at lines 992--996

 []


Underfull \hbox (badness 10000) in paragraph at lines 997--1004

 []

[22]
Underfull \hbox (badness 10000) in paragraph at lines 1005--1006

 []


Underfull \hbox (badness 10000) in paragraph at lines 1007--1011

 []


Underfull \hbox (badness 10000) in paragraph at lines 1012--1018

 []


Underfull \hbox (badness 10000) in paragraph at lines 1019--1020

 []


Underfull \hbox (badness 10000) in paragraph at lines 1021--1026

 []


Underfull \hbox (badness 10000) in paragraph at lines 1027--1035

 []


Underfull \hbox (badness 10000) in paragraph at lines 1036--1037

 []


Underfull \hbox (badness 10000) in paragraph at lines 1041--1043

 []


Underfull \hbox (badness 10000) in paragraph at lines 1044--1050

 []


Underfull \hbox (badness 10000) in paragraph at lines 1051--1052

 []


Underfull \hbox (badness 10000) in paragraph at lines 1053--1059

 []

[23]
Underfull \hbox (badness 10000) in paragraph at lines 1060--1066

 []


Underfull \hbox (badness 10000) in paragraph at lines 1067--1068

 []


Underfull \hbox (badness 10000) in paragraph at lines 1069--1072

 []


Underfull \hbox (badness 10000) in paragraph at lines 1073--1074

 []


Underfull \hbox (badness 10000) in paragraph at lines 1075--1083

 []


Underfull \hbox (badness 10000) in paragraph at lines 1084--1085

 []


Underfull \hbox (badness 10000) in paragraph at lines 1086--1091

 []


Underfull \hbox (badness 10000) in paragraph at lines 1092--1099

 []


Underfull \hbox (badness 10000) in paragraph at lines 1100--1101

 []


Underfull \hbox (badness 10000) in paragraph at lines 1102--1107

 []

[24]
Underfull \hbox (badness 10000) in paragraph at lines 1108--1113

 []


Underfull \hbox (badness 10000) in paragraph at lines 1114--1115

 []


Underfull \hbox (badness 10000) in paragraph at lines 1122--1123

 []


Underfull \hbox (badness 10000) in paragraph at lines 1124--1131

 []


Underfull \hbox (badness 10000) in paragraph at lines 1132--1133

 []


Underfull \hbox (badness 10000) in paragraph at lines 1140--1144

 []


Underfull \hbox (badness 10000) in paragraph at lines 1145--1150

 []


Underfull \hbox (badness 10000) in paragraph at lines 1151--1152

 []

[25]
Underfull \hbox (badness 10000) in paragraph at lines 1159--1160

 []


Underfull \hbox (badness 10000) in paragraph at lines 1161--1163

 []


Underfull \hbox (badness 10000) in paragraph at lines 1164--1168

 []


Underfull \hbox (badness 10000) in paragraph at lines 1169--1174

 []


Underfull \hbox (badness 10000) in paragraph at lines 1175--1176

 []


Overfull \hbox (21.23302pt too wide) in alignment at lines 1178--1183
 [][][] []
 []


Underfull \hbox (badness 10000) in paragraph at lines 1183--1185

 []


Underfull \hbox (badness 10000) in paragraph at lines 1186--1192

 []


Underfull \hbox (badness 10000) in paragraph at lines 1193--1194

 []


Underfull \hbox (badness 10000) in paragraph at lines 1204--1205

 []


Underfull \hbox (badness 10000) in paragraph at lines 1206--1212

 []

[26]
Underfull \hbox (badness 10000) in paragraph at lines 1213--1214

 []


Underfull \hbox (badness 10000) in paragraph at lines 1225--1226

 []


Underfull \hbox (badness 10000) in paragraph at lines 1230--1236

 []


Underfull \hbox (badness 10000) in paragraph at lines 1237--1238

 []


Underfull \hbox (badness 10000) in paragraph at lines 1251--1252

 []


Underfull \hbox (badness 10000) in paragraph at lines 1253--1260

 []

[27]
Underfull \hbox (badness 10000) in paragraph at lines 1261--1262

 []


Underfull \hbox (badness 10000) in paragraph at lines 1265--1267

 []


Underfull \hbox (badness 10000) in paragraph at lines 1269--1275

 []


Underfull \hbox (badness 10000) in paragraph at lines 1276--1277

 []


Underfull \hbox (badness 10000) in paragraph at lines 1281--1287

 []


Underfull \hbox (badness 10000) in paragraph at lines 1288--1292

 []


Underfull \hbox (badness 10000) in paragraph at lines 1293--1297

 []


Underfull \hbox (badness 10000) in paragraph at lines 1298--1299

 []

[28]
Underfull \hbox (badness 10000) in paragraph at lines 1305--1307

 []


Underfull \hbox (badness 10000) in paragraph at lines 1308--1315

 []


Underfull \hbox (badness 10000) in paragraph at lines 1316--1317

 []


Underfull \hbox (badness 10000) in paragraph at lines 1320--1322

 []


Underfull \hbox (badness 10000) in paragraph at lines 1323--1330

 []


Underfull \hbox (badness 10000) in paragraph at lines 1331--1332

 []


Underfull \hbox (badness 10000) in paragraph at lines 1339--1341

 []


Underfull \hbox (badness 10000) in paragraph at lines 1342--1352

 []

[29]
Underfull \hbox (badness 10000) in paragraph at lines 1353--1354

 []


Underfull \hbox (badness 10000) in paragraph at lines 1355--1359

 []


Underfull \hbox (badness 10000) in paragraph at lines 1362--1364

 []


Underfull \hbox (badness 10000) in paragraph at lines 1365--1371

 []


Underfull \hbox (badness 10000) in paragraph at lines 1372--1373

 []


Underfull \hbox (badness 10000) in paragraph at lines 1374--1379

 []


Underfull \hbox (badness 10000) in paragraph at lines 1380--1388

 []


Underfull \hbox (badness 10000) in paragraph at lines 1389--1390

 []


Underfull \hbox (badness 10000) in paragraph at lines 1391--1398

 []

[30]
Underfull \hbox (badness 10000) in paragraph at lines 1404--1410

 []


Underfull \hbox (badness 10000) in paragraph at lines 1411--1412

 []


Underfull \hbox (badness 10000) in paragraph at lines 1413--1415

 []


Underfull \hbox (badness 10000) in paragraph at lines 1415--1417

 []


Underfull \hbox (badness 10000) in paragraph at lines 1418--1428

 []


Underfull \hbox (badness 10000) in paragraph at lines 1429--1430

 []


Underfull \hbox (badness 10000) in paragraph at lines 1440--1442

 []


Underfull \hbox (badness 10000) in paragraph at lines 1443--1453

 []

[31]
Underfull \hbox (badness 10000) in paragraph at lines 1454--1455

 []


Underfull \hbox (badness 10000) in paragraph at lines 1456--1464

 []


Underfull \hbox (badness 10000) in paragraph at lines 1465--1473

 []


Underfull \hbox (badness 10000) in paragraph at lines 1474--1475

 []


Underfull \hbox (badness 10000) in paragraph at lines 1485--1486

 []


Underfull \hbox (badness 10000) in paragraph at lines 1487--1495

 []

[32]
Underfull \hbox (badness 10000) in paragraph at lines 1496--1497

 []


Underfull \hbox (badness 10000) in paragraph at lines 1502--1507

 []


Underfull \hbox (badness 10000) in paragraph at lines 1508--1518

 []


Underfull \hbox (badness 10000) in paragraph at lines 1519--1520

 []


Underfull \hbox (badness 10000) in paragraph at lines 1521--1528

 []


Underfull \hbox (badness 10000) in paragraph at lines 1529--1534

 []


Underfull \hbox (badness 10000) in paragraph at lines 1535--1536

 []


Underfull \hbox (badness 10000) in paragraph at lines 1537--1540

 []


Underfull \hbox (badness 10000) in paragraph at lines 1541--1548

 []


Underfull \hbox (badness 10000) in paragraph at lines 1549--1550

 []

[33]
Underfull \hbox (badness 10000) in paragraph at lines 1551--1556

 []


Underfull \hbox (badness 10000) in paragraph at lines 1557--1567

 []


Underfull \hbox (badness 10000) in paragraph at lines 1568--1569

 []


Underfull \hbox (badness 10000) in paragraph at lines 1570--1578

 []


Underfull \hbox (badness 10000) in paragraph at lines 1579--1585

 []


Underfull \hbox (badness 10000) in paragraph at lines 1586--1587

 []

LaTeX Font Warning: Command \LARGE invalid in math mode on input line 1590.
LaTeX Font Warning: Command \LARGE invalid in math mode on input line 1592.

Underfull \hbox (badness 10000) in paragraph at lines 1592--1596

 []


Underfull \hbox (badness 10000) in paragraph at lines 1597--1604

 []


Underfull \hbox (badness 10000) in paragraph at lines 1605--1606

 []

[34]
Underfull \hbox (badness 10000) in paragraph at lines 1607--1611

 []


Underfull \hbox (badness 10000) in paragraph at lines 1612--1613

 []


Underfull \hbox (badness 10000) in paragraph at lines 1613--1618

 []


Underfull \hbox (badness 10000) in paragraph at lines 1619--1620

 []


Underfull \hbox (badness 10000) in paragraph at lines 1624--1625

 []


Underfull \hbox (badness 10000) in paragraph at lines 1626--1633

 []


Underfull \hbox (badness 10000) in paragraph at lines 1634--1635

 []


Underfull \hbox (badness 10000) in paragraph at lines 1636--1638

 []


Underfull \hbox (badness 10000) in paragraph at lines 1639--1640

 []


Underfull \hbox (badness 10000) in paragraph at lines 1641--1642

 []


Underfull \hbox (badness 10000) in paragraph at lines 1643--1645

 []


Underfull \hbox (badness 10000) in paragraph at lines 1646--1656

 []

[35]
Underfull \hbox (badness 10000) in paragraph at lines 1657--1658

 []


Underfull \hbox (badness 10000) in paragraph at lines 1663--1666

 []


Underfull \hbox (badness 10000) in paragraph at lines 1667--1678

 []


Underfull \hbox (badness 10000) in paragraph at lines 1679--1680

 []


Underfull \hbox (badness 10000) in paragraph at lines 1689--1692

 []


Underfull \hbox (badness 10000) in paragraph at lines 1693--1701

 []

[36]
Underfull \hbox (badness 10000) in paragraph at lines 1702--1703

 []


Underfull \hbox (badness 10000) in paragraph at lines 1704--1708

 []


Underfull \hbox (badness 10000) in paragraph at lines 1709--1717

 []


Underfull \hbox (badness 10000) in paragraph at lines 1718--1719

 []


Underfull \hbox (badness 10000) in paragraph at lines 1720--1727

 []


Underfull \hbox (badness 10000) in paragraph at lines 1728--1737

 []


Underfull \hbox (badness 10000) in paragraph at lines 1738--1739

 []


Underfull \hbox (badness 10000) in paragraph at lines 1740--1746

 []


Underfull \hbox (badness 10000) in paragraph at lines 1747--1749

 []

[37]
Underfull \hbox (badness 10000) in paragraph at lines 1750--1759

 []


Underfull \hbox (badness 10000) in paragraph at lines 1760--1761

 []


Underfull \hbox (badness 10000) in paragraph at lines 1762--1768

 []


Underfull \hbox (badness 10000) in paragraph at lines 1770--1778

 []


Underfull \hbox (badness 10000) in paragraph at lines 1779--1780

 []


Underfull \hbox (badness 10000) in paragraph at lines 1781--1788

 []


Underfull \hbox (badness 10000) in paragraph at lines 1789--1797

 []


Underfull \hbox (badness 10000) in paragraph at lines 1798--1799

 []


Underfull \hbox (badness 10000) in paragraph at lines 1805--1808

 []

[38]
Underfull \hbox (badness 10000) in paragraph at lines 1809--1825

 []


Underfull \hbox (badness 10000) in paragraph at lines 1826--1835

 []


Underfull \hbox (badness 10000) in paragraph at lines 1836--1837

 []


Underfull \hbox (badness 10000) in paragraph at lines 1838--1842

 []


Underfull \hbox (badness 10000) in paragraph at lines 1843--1851

 []


Underfull \hbox (badness 10000) in paragraph at lines 1852--1853

 []

[39]
Underfull \hbox (badness 10000) in paragraph at lines 1859--1861

 []


Underfull \hbox (badness 10000) in paragraph at lines 1863--1868

 []


Underfull \hbox (badness 10000) in paragraph at lines 1869--1870

 []


Underfull \hbox (badness 10000) in paragraph at lines 1875--1877

 []


Underfull \hbox (badness 10000) in paragraph at lines 1879--1885

 []


Underfull \hbox (badness 10000) in paragraph at lines 1886--1887

 []

[40]
Underfull \hbox (badness 10000) in paragraph at lines 1892--1893

 []


Underfull \hbox (badness 10000) in paragraph at lines 1894--1902

 []


Underfull \hbox (badness 10000) in paragraph at lines 1903--1904

 []


Underfull \hbox (badness 10000) in paragraph at lines 1905--1913

 []


Underfull \hbox (badness 10000) in paragraph at lines 1914--1923

 []


Underfull \hbox (badness 10000) in paragraph at lines 1924--1925

 []


Underfull \hbox (badness 10000) in paragraph at lines 1932--1933

 []


Underfull \hbox (badness 10000) in paragraph at lines 1934--1942

 []

[41]
Underfull \hbox (badness 10000) in paragraph at lines 1943--1944

 []


Underfull \hbox (badness 10000) in paragraph at lines 1949--1951

 []


Underfull \hbox (badness 10000) in paragraph at lines 1952--1962

 []


Underfull \hbox (badness 10000) in paragraph at lines 1963--1964

 []


Underfull \hbox (badness 10000) in paragraph at lines 1965--1975

 []


Underfull \hbox (badness 10000) in paragraph at lines 1976--1982

 []


Underfull \hbox (badness 10000) in paragraph at lines 1983--1984

 []

[42]
Underfull \hbox (badness 10000) in paragraph at lines 1988--1989

 []


Underfull \hbox (badness 10000) in paragraph at lines 1990--1998

 []


Underfull \hbox (badness 10000) in paragraph at lines 1999--2000

 []


Underfull \hbox (badness 10000) in paragraph at lines 2003--2008

 []


Underfull \hbox (badness 10000) in paragraph at lines 2009--2016

 []


Underfull \hbox (badness 10000) in paragraph at lines 2017--2018

 []


Underfull \hbox (badness 10000) in paragraph at lines 2027--2029

 []

[43]
LaTeX Font Info:    External font `cmex10' loaded for size
(Font)              <17.28> on input line 2032.

Underfull \hbox (badness 10000) in paragraph at lines 2031--2036

 []


Underfull \hbox (badness 10000) in paragraph at lines 2037--2038

 []


Underfull \hbox (badness 10000) in paragraph at lines 2042--2044

 []


Underfull \hbox (badness 10000) in paragraph at lines 2045--2052

 []


Underfull \hbox (badness 10000) in paragraph at lines 2053--2054

 []


Underfull \hbox (badness 10000) in paragraph at lines 2058--2060

 []


Underfull \hbox (badness 10000) in paragraph at lines 2061--2071

 []

[44]
Underfull \hbox (badness 10000) in paragraph at lines 2072--2073

 []


Underfull \hbox (badness 10000) in paragraph at lines 2081--2082

 []


Underfull \hbox (badness 10000) in paragraph at lines 2083--2091

 []


Underfull \hbox (badness 10000) in paragraph at lines 2092--2093

 []


Underfull \hbox (badness 10000) in paragraph at lines 2100--2101

 []


Underfull \hbox (badness 10000) in paragraph at lines 2102--2108

 []


Underfull \hbox (badness 10000) in paragraph at lines 2109--2110

 []

[45]
Underfull \hbox (badness 10000) in paragraph at lines 2121--2123

 []


Underfull \hbox (badness 10000) in paragraph at lines 2124--2131

 []


Underfull \hbox (badness 10000) in paragraph at lines 2132--2133

 []


Underfull \hbox (badness 10000) in paragraph at lines 2139--2141

 []


Underfull \hbox (badness 10000) in paragraph at lines 2142--2149

 []

[46]
Underfull \hbox (badness 10000) in paragraph at lines 2150--2151

 []


Underfull \hbox (badness 10000) in paragraph at lines 2157--2160

 []


Underfull \hbox (badness 10000) in paragraph at lines 2161--2169

 []


Underfull \hbox (badness 10000) in paragraph at lines 2170--2171

 []

[47]
Underfull \hbox (badness 10000) in paragraph at lines 2184--2185

 []


Underfull \hbox (badness 10000) in paragraph at lines 2186--2192

 []


Underfull \hbox (badness 10000) in paragraph at lines 2193--2194

 []


Underfull \hbox (badness 10000) in paragraph at lines 2204--2206

 []


Underfull \hbox (badness 10000) in paragraph at lines 2207--2213

 []


Underfull \hbox (badness 10000) in paragraph at lines 2214--2215

 []


Underfull \hbox (badness 10000) in paragraph at lines 2220--2222

 []

[48]
Underfull \hbox (badness 10000) in paragraph at lines 2223--2228

 []


Underfull \hbox (badness 10000) in paragraph at lines 2229--2230

 []


Underfull \hbox (badness 10000) in paragraph at lines 2231--2232

 []


Underfull \hbox (badness 10000) in paragraph at lines 2234--2236

 []


Underfull \hbox (badness 10000) in paragraph at lines 2237--2246

 []


Underfull \hbox (badness 10000) in paragraph at lines 2247--2248

 []


Underfull \hbox (badness 10000) in paragraph at lines 2257--2260

 []

[49]
Underfull \hbox (badness 10000) in paragraph at lines 2261--2269

 []


Underfull \hbox (badness 10000) in paragraph at lines 2270--2271

 []


Underfull \hbox (badness 10000) in paragraph at lines 2280--2282

 []


Underfull \hbox (badness 10000) in paragraph at lines 2283--2290

 []


Underfull \hbox (badness 10000) in paragraph at lines 2291--2292

 []


Underfull \hbox (badness 10000) in paragraph at lines 2300--2303

 []


Underfull \hbox (badness 10000) in paragraph at lines 2304--2311

 []

[50]
Underfull \hbox (badness 10000) in paragraph at lines 2312--2313

 []


Underfull \hbox (badness 10000) in paragraph at lines 2320--2325

 []


Underfull \hbox (badness 10000) in paragraph at lines 2326--2335

 []


Underfull \hbox (badness 10000) in paragraph at lines 2336--2337

 []


Underfull \hbox (badness 10000) in paragraph at lines 2350--2352

 []


Underfull \hbox (badness 10000) in paragraph at lines 2353--2363

 []

[51]
Underfull \hbox (badness 10000) in paragraph at lines 2364--2365

 []


Underfull \hbox (badness 10000) in paragraph at lines 2373--2375

 []


Underfull \hbox (badness 10000) in paragraph at lines 2376--2384

 []


Underfull \hbox (badness 10000) in paragraph at lines 2385--2386

 []

[52]
Underfull \hbox (badness 10000) in paragraph at lines 2400--2402

 []


Underfull \hbox (badness 10000) in paragraph at lines 2403--2414

 []


Underfull \hbox (badness 10000) in paragraph at lines 2415--2416

 []


Underfull \hbox (badness 10000) in paragraph at lines 2426--2429

 []


Underfull \hbox (badness 10000) in paragraph at lines 2430--2441

 []


Underfull \hbox (badness 10000) in paragraph at lines 2442--2443

 []

[53]
Underfull \hbox (badness 10000) in paragraph at lines 2461--2463

 []


Underfull \hbox (badness 10000) in paragraph at lines 2464--2474

 []


Underfull \hbox (badness 10000) in paragraph at lines 2475--2476

 []

[54]
Underfull \hbox (badness 10000) in paragraph at lines 2488--2491

 []


Underfull \hbox (badness 10000) in paragraph at lines 2492--2499

 []


Underfull \hbox (badness 10000) in paragraph at lines 2500--2501

 []


Underfull \hbox (badness 10000) in paragraph at lines 2508--2511

 []


Underfull \hbox (badness 10000) in paragraph at lines 2512--2520

 []


Underfull \hbox (badness 10000) in paragraph at lines 2521--2522

 []

[55]
Underfull \hbox (badness 10000) in paragraph at lines 2531--2536

 []


Underfull \hbox (badness 10000) in paragraph at lines 2537--2544

 []


Underfull \hbox (badness 10000) in paragraph at lines 2545--2546

 []


Underfull \hbox (badness 10000) in paragraph at lines 2558--2561

 []


Underfull \hbox (badness 10000) in paragraph at lines 2562--2570

 []


Underfull \hbox (badness 10000) in paragraph at lines 2571--2572

 []

[56]
Underfull \hbox (badness 10000) in paragraph at lines 2575--2576

 []


Underfull \hbox (badness 10000) in paragraph at lines 2578--2582

 []


Underfull \hbox (badness 10000) in paragraph at lines 2583--2591

 []


Underfull \hbox (badness 10000) in paragraph at lines 2592--2593

 []


Underfull \hbox (badness 10000) in paragraph at lines 2598--2599

 []


Underfull \hbox (badness 10000) in paragraph at lines 2600--2601

 []


Underfull \hbox (badness 10000) in paragraph at lines 2602--2608

 []


Underfull \hbox (badness 10000) in paragraph at lines 2609--2610

 []


Underfull \hbox (badness 10000) in paragraph at lines 2616--2618

 []

[57]
Underfull \hbox (badness 10000) in paragraph at lines 2619--2628

 []


Underfull \hbox (badness 10000) in paragraph at lines 2629--2630

 []


Underfull \hbox (badness 10000) in paragraph at lines 2640--2643

 []


Underfull \hbox (badness 10000) in paragraph at lines 2644--2653

 []


Underfull \hbox (badness 10000) in paragraph at lines 2654--2655

 []


Underfull \hbox (badness 10000) in paragraph at lines 2662--2666

 []

[58]
Underfull \hbox (badness 10000) in paragraph at lines 2667--2677

 []


Underfull \hbox (badness 10000) in paragraph at lines 2678--2679

 []


Underfull \hbox (badness 10000) in paragraph at lines 2693--2695

 []


Underfull \hbox (badness 10000) in paragraph at lines 2696--2704

 []


Underfull \hbox (badness 10000) in paragraph at lines 2705--2706

 []


Underfull \hbox (badness 10000) in paragraph at lines 2711--2714

 []


Underfull \hbox (badness 10000) in paragraph at lines 2715--2722

 []

[59]
Underfull \hbox (badness 10000) in paragraph at lines 2723--2724

 []


Underfull \hbox (badness 10000) in paragraph at lines 2729--2733

 []


Underfull \hbox (badness 10000) in paragraph at lines 2734--2741

 []


Underfull \hbox (badness 10000) in paragraph at lines 2742--2743

 []


Underfull \hbox (badness 10000) in paragraph at lines 2748--2755

 []


Underfull \hbox (badness 10000) in paragraph at lines 2756--2762

 []

[60]
Underfull \hbox (badness 10000) in paragraph at lines 2763--2764

 []


Underfull \hbox (badness 10000) in paragraph at lines 2770--2772

 []


Underfull \hbox (badness 10000) in paragraph at lines 2773--2780

 []


Underfull \hbox (badness 10000) in paragraph at lines 2781--2782

 []


Underfull \hbox (badness 10000) in paragraph at lines 2785--2788

 []


Underfull \hbox (badness 10000) in paragraph at lines 2789--2796

 []


Underfull \hbox (badness 10000) in paragraph at lines 2797--2798

 []


Underfull \hbox (badness 10000) in paragraph at lines 2799--2805

 []


Underfull \hbox (badness 10000) in paragraph at lines 2806--2813

 []

[61]
Underfull \hbox (badness 10000) in paragraph at lines 2814--2815

 []


Underfull \hbox (badness 10000) in paragraph at lines 2820--2822

 []


Underfull \hbox (badness 10000) in paragraph at lines 2823--2831

 []


Underfull \hbox (badness 10000) in paragraph at lines 2832--2833

 []


Underfull \hbox (badness 10000) in paragraph at lines 2834--2840

 []


Underfull \hbox (badness 10000) in paragraph at lines 2841--2847

 []


Underfull \hbox (badness 10000) in paragraph at lines 2848--2849

 []


Underfull \hbox (badness 10000) in paragraph at lines 2853--2855

 []

[62]
Underfull \hbox (badness 10000) in paragraph at lines 2856--2863

 []


Underfull \hbox (badness 10000) in paragraph at lines 2864--2865

 []


Underfull \hbox (badness 10000) in paragraph at lines 2870--2872

 []


Underfull \hbox (badness 10000) in paragraph at lines 2873--2880

 []


Underfull \hbox (badness 10000) in paragraph at lines 2881--2882

 []


Underfull \hbox (badness 10000) in paragraph at lines 2884--2889

 []


Underfull \hbox (badness 10000) in paragraph at lines 2890--2897

 []


Underfull \hbox (badness 10000) in paragraph at lines 2898--2899

 []


Underfull \hbox (badness 10000) in paragraph at lines 2900--2903

 []

[63]
Underfull \hbox (badness 10000) in paragraph at lines 2904--2906

 []


Underfull \hbox (badness 10000) in paragraph at lines 2907--2915

 []


Underfull \hbox (badness 10000) in paragraph at lines 2907--2915

 []


Underfull \hbox (badness 10000) in paragraph at lines 2916--2917

 []


Underfull \hbox (badness 10000) in paragraph at lines 2921--2923

 []


Underfull \hbox (badness 10000) in paragraph at lines 2924--2933

 []


Underfull \hbox (badness 10000) in paragraph at lines 2934--2935

 []


Underfull \hbox (badness 10000) in paragraph at lines 2943--2944

 []

[64]
Underfull \hbox (badness 10000) in paragraph at lines 2945--2953

 []


Underfull \hbox (badness 10000) in paragraph at lines 2954--2955

 []


Underfull \hbox (badness 10000) in paragraph at lines 2956--2960

 []


Underfull \hbox (badness 10000) in paragraph at lines 2961--2963

 []


Underfull \hbox (badness 10000) in paragraph at lines 2964--2973

 []


Underfull \hbox (badness 10000) in paragraph at lines 2974--2975

 []


Underfull \hbox (badness 10000) in paragraph at lines 2976--2979

 []


Underfull \hbox (badness 10000) in paragraph at lines 2980--2984

 []


Underfull \hbox (badness 10000) in paragraph at lines 2984--2985

 []


Underfull \hbox (badness 10000) in paragraph at lines 2986--2994

 []

[65]
Underfull \hbox (badness 10000) in paragraph at lines 2995--2996

 []


Underfull \hbox (badness 10000) in paragraph at lines 2997--3000

 []


Underfull \hbox (badness 10000) in paragraph at lines 3001--3003

 []


Underfull \hbox (badness 10000) in paragraph at lines 3004--3012

 []


Underfull \hbox (badness 10000) in paragraph at lines 3013--3014

 []


Underfull \hbox (badness 10000) in paragraph at lines 3015--3019

 []


Underfull \hbox (badness 10000) in paragraph at lines 3019--3021

 []


Underfull \hbox (badness 10000) in paragraph at lines 3022--3030

 []


Underfull \hbox (badness 10000) in paragraph at lines 3031--3032

 []


Underfull \hbox (badness 10000) in paragraph at lines 3036--3039

 []

[66]
Underfull \hbox (badness 10000) in paragraph at lines 3040--3049

 []


Underfull \hbox (badness 10000) in paragraph at lines 3050--3051

 []


Underfull \hbox (badness 10000) in paragraph at lines 3052--3059

 []


Underfull \hbox (badness 10000) in paragraph at lines 3060--3069

 []


Underfull \hbox (badness 10000) in paragraph at lines 3070--3071

 []


Underfull \hbox (badness 10000) in paragraph at lines 3075--3077

 []


Underfull \hbox (badness 10000) in paragraph at lines 3078--3085

 []


Underfull \hbox (badness 10000) in paragraph at lines 3086--3087

 []

[67]
Underfull \hbox (badness 10000) in paragraph at lines 3094--3097

 []


Underfull \hbox (badness 10000) in paragraph at lines 3098--3109

 []


Underfull \hbox (badness 10000) in paragraph at lines 3110--3111

 []


Underfull \hbox (badness 10000) in paragraph at lines 3119--3120

 []


Underfull \hbox (badness 10000) in paragraph at lines 3124--3127

 []


Underfull \hbox (badness 10000) in paragraph at lines 3129--3137

 []

[68]
Underfull \hbox (badness 10000) in paragraph at lines 3138--3139

 []


Underfull \hbox (badness 10000) in paragraph at lines 3143--3144

 []


Underfull \hbox (badness 10000) in paragraph at lines 3145--3155

 []


Underfull \hbox (badness 10000) in paragraph at lines 3156--3157

 []


Underfull \hbox (badness 10000) in paragraph at lines 3163--3165

 []


Underfull \hbox (badness 10000) in paragraph at lines 3166--3176

 []


Underfull \hbox (badness 10000) in paragraph at lines 3177--3178

 []

[69]
Underfull \hbox (badness 10000) in paragraph at lines 3189--3191

 []


Underfull \hbox (badness 10000) in paragraph at lines 3192--3202

 []


Underfull \hbox (badness 10000) in paragraph at lines 3203--3204

 []


Underfull \hbox (badness 10000) in paragraph at lines 3214--3216

 []


Underfull \hbox (badness 10000) in paragraph at lines 3217--3225

 []

[70]
Underfull \hbox (badness 10000) in paragraph at lines 3226--3227

 []


Underfull \hbox (badness 10000) in paragraph at lines 3231--3233

 []


Underfull \hbox (badness 10000) in paragraph at lines 3234--3240

 []


Underfull \hbox (badness 10000) in paragraph at lines 3241--3242

 []


Underfull \hbox (badness 10000) in paragraph at lines 3248--3251

 []


Underfull \hbox (badness 10000) in paragraph at lines 3252--3257

 []


Underfull \hbox (badness 10000) in paragraph at lines 3258--3259

 []


Underfull \hbox (badness 10000) in paragraph at lines 3260--3265

 []

[71]
Underfull \hbox (badness 10000) in paragraph at lines 3266--3272

 []


Underfull \hbox (badness 10000) in paragraph at lines 3273--3274

 []


Underfull \hbox (badness 10000) in paragraph at lines 3278--3279

 []


Underfull \hbox (badness 10000) in paragraph at lines 3280--3286

 []


Underfull \hbox (badness 10000) in paragraph at lines 3287--3288

 []


Underfull \hbox (badness 10000) in paragraph at lines 3293--3294

 []


Underfull \hbox (badness 10000) in paragraph at lines 3295--3303

 []


Underfull \hbox (badness 10000) in paragraph at lines 3304--3305

 []


Underfull \hbox (badness 10000) in paragraph at lines 3306--3310

 []


Underfull \hbox (badness 10000) in paragraph at lines 3311--3317

 []

[72]
Underfull \hbox (badness 10000) in paragraph at lines 3318--3319

 []


Underfull \hbox (badness 10000) in paragraph at lines 3323--3325

 []


Underfull \hbox (badness 10000) in paragraph at lines 3326--3333

 []


Underfull \hbox (badness 10000) in paragraph at lines 3334--3335

 []


Underfull \hbox (badness 10000) in paragraph at lines 3336--3341

 []


Underfull \hbox (badness 10000) in paragraph at lines 3342--3353

 []


Underfull \hbox (badness 10000) in paragraph at lines 3354--3355

 []


Underfull \hbox (badness 10000) in paragraph at lines 3356--3361

 []


Underfull \hbox (badness 10000) in paragraph at lines 3362--3369

 []

[73]
Underfull \hbox (badness 10000) in paragraph at lines 3370--3371

 []


Underfull \hbox (badness 10000) in paragraph at lines 3372--3376

 []


Underfull \hbox (badness 10000) in paragraph at lines 3377--3384

 []


Underfull \hbox (badness 10000) in paragraph at lines 3385--3386

 []


Underfull \hbox (badness 10000) in paragraph at lines 3387--3391

 []


Underfull \hbox (badness 10000) in paragraph at lines 3392--3398

 []


Underfull \hbox (badness 10000) in paragraph at lines 3399--3400

 []


Underfull \hbox (badness 10000) in paragraph at lines 3404--3405

 []


Underfull \hbox (badness 10000) in paragraph at lines 3405--3406

 []


Underfull \hbox (badness 10000) in paragraph at lines 3409--3410

 []


Underfull \hbox (badness 10000) in paragraph at lines 3411--3417

 []

[74]
Underfull \hbox (badness 10000) in paragraph at lines 3418--3419

 []


Underfull \hbox (badness 10000) in paragraph at lines 3424--3426

 []


Underfull \hbox (badness 10000) in paragraph at lines 3427--3432

 []


Underfull \hbox (badness 10000) in paragraph at lines 3433--3434

 []


Underfull \hbox (badness 10000) in paragraph at lines 3435--3439

 []


Underfull \hbox (badness 10000) in paragraph at lines 3440--3445

 []


Underfull \hbox (badness 10000) in paragraph at lines 3446--3447

 []


Underfull \hbox (badness 10000) in paragraph at lines 3448--3451

 []


Underfull \hbox (badness 10000) in paragraph at lines 3452--3458

 []


Underfull \hbox (badness 10000) in paragraph at lines 3459--3460

 []

[75]
Underfull \hbox (badness 10000) in paragraph at lines 3461--3465

 []


Underfull \hbox (badness 10000) in paragraph at lines 3466--3473

 []


Underfull \hbox (badness 10000) in paragraph at lines 3474--3475

 []


Underfull \hbox (badness 10000) in paragraph at lines 3482--3485

 []


Underfull \hbox (badness 10000) in paragraph at lines 3486--3493

 []


Underfull \hbox (badness 10000) in paragraph at lines 3494--3495

 []


Underfull \hbox (badness 10000) in paragraph at lines 3500--3502

 []


Underfull \hbox (badness 10000) in paragraph at lines 3503--3510

 []

[76]
Underfull \hbox (badness 10000) in paragraph at lines 3511--3512

 []


Underfull \hbox (badness 10000) in paragraph at lines 3520--3523

 []


Underfull \hbox (badness 10000) in paragraph at lines 3524--3531

 []


Underfull \hbox (badness 10000) in paragraph at lines 3532--3533

 []


Underfull \hbox (badness 10000) in paragraph at lines 3539--3540

 []


Underfull \hbox (badness 10000) in paragraph at lines 3541--3548

 []


Underfull \hbox (badness 10000) in paragraph at lines 3549--3550

 []

[77]
Underfull \hbox (badness 10000) in paragraph at lines 3566--3567

 []


Underfull \hbox (badness 10000) in paragraph at lines 3568--3576

 []


Underfull \hbox (badness 10000) in paragraph at lines 3577--3578

 []


Underfull \hbox (badness 10000) in paragraph at lines 3584--3586

 []

[78]
Underfull \hbox (badness 10000) in paragraph at lines 3587--3595

 []


Underfull \hbox (badness 10000) in paragraph at lines 3596--3597

 []


Underfull \hbox (badness 10000) in paragraph at lines 3598--3601

 []


Underfull \hbox (badness 10000) in paragraph at lines 3602--3607

 []


Underfull \hbox (badness 10000) in paragraph at lines 3608--3609

 []


Underfull \hbox (badness 10000) in paragraph at lines 3614--3616

 []


Underfull \hbox (badness 10000) in paragraph at lines 3617--3622

 []


Underfull \hbox (badness 10000) in paragraph at lines 3623--3624

 []


Underfull \hbox (badness 10000) in paragraph at lines 3625--3629

 []


Underfull \hbox (badness 10000) in paragraph at lines 3630--3637

 []

[79]
Underfull \hbox (badness 10000) in paragraph at lines 3638--3639

 []


Underfull \hbox (badness 10000) in paragraph at lines 3645--3646

 []


Underfull \hbox (badness 10000) in paragraph at lines 3647--3652

 []


Underfull \hbox (badness 10000) in paragraph at lines 3653--3654

 []


Underfull \hbox (badness 10000) in paragraph at lines 3658--3660

 []


Underfull \hbox (badness 10000) in paragraph at lines 3661--3668

 []


Underfull \hbox (badness 10000) in paragraph at lines 3669--3670

 []

[80]
Underfull \hbox (badness 10000) in paragraph at lines 3676--3677

 []


Underfull \hbox (badness 10000) in paragraph at lines 3678--3687

 []


Underfull \hbox (badness 10000) in paragraph at lines 3688--3689

 []


Underfull \hbox (badness 10000) in paragraph at lines 3695--3698

 []


Underfull \hbox (badness 10000) in paragraph at lines 3699--3706

 []


Underfull \hbox (badness 10000) in paragraph at lines 3707--3708

 []

[81]
Underfull \hbox (badness 10000) in paragraph at lines 3718--3720

 []


Underfull \hbox (badness 10000) in paragraph at lines 3721--3727

 []


Underfull \hbox (badness 10000) in paragraph at lines 3728--3729

 []


Underfull \hbox (badness 10000) in paragraph at lines 3733--3735

 []


Underfull \hbox (badness 10000) in paragraph at lines 3736--3743

 []


Underfull \hbox (badness 10000) in paragraph at lines 3744--3745

 []

[82]
Underfull \hbox (badness 10000) in paragraph at lines 3750--3752

 []


Underfull \hbox (badness 10000) in paragraph at lines 3753--3759

 []


Underfull \hbox (badness 10000) in paragraph at lines 3760--3761

 []


Underfull \hbox (badness 10000) in paragraph at lines 3762--3769

 []


Underfull \hbox (badness 10000) in paragraph at lines 3770--3779

 []


Underfull \hbox (badness 10000) in paragraph at lines 3780--3781

 []


Underfull \hbox (badness 10000) in paragraph at lines 3782--3785

 []


Underfull \hbox (badness 10000) in paragraph at lines 3786--3791

 []

[83]
Underfull \hbox (badness 10000) in paragraph at lines 3792--3793

 []


Underfull \hbox (badness 10000) in paragraph at lines 3797--3799

 []


Underfull \hbox (badness 10000) in paragraph at lines 3800--3806

 []


Underfull \hbox (badness 10000) in paragraph at lines 3807--3808

 []


Underfull \hbox (badness 10000) in paragraph at lines 3811--3812

 []


Underfull \hbox (badness 10000) in paragraph at lines 3813--3822

 []


Underfull \hbox (badness 10000) in paragraph at lines 3823--3824

 []


Underfull \hbox (badness 10000) in paragraph at lines 3825--3830

 []


Underfull \hbox (badness 10000) in paragraph at lines 3831--3837

 []

[84]
Underfull \hbox (badness 10000) in paragraph at lines 3838--3839

 []


Underfull \hbox (badness 10000) in paragraph at lines 3844--3845

 []


Underfull \hbox (badness 10000) in paragraph at lines 3846--3853

 []


Underfull \hbox (badness 10000) in paragraph at lines 3854--3855

 []


Underfull \hbox (badness 10000) in paragraph at lines 3856--3859

 []


Underfull \hbox (badness 10000) in paragraph at lines 3860--3866

 []


Underfull \hbox (badness 10000) in paragraph at lines 3867--3868

 []


Underfull \hbox (badness 10000) in paragraph at lines 3869--3872

 []


Underfull \hbox (badness 10000) in paragraph at lines 3873--3879

 []

[85]
Underfull \hbox (badness 10000) in paragraph at lines 3880--3881

 []


Underfull \hbox (badness 10000) in paragraph at lines 3885--3886

 []


Underfull \hbox (badness 10000) in paragraph at lines 3887--3895

 []


Underfull \hbox (badness 10000) in paragraph at lines 3896--3897

 []


Underfull \hbox (badness 10000) in paragraph at lines 3902--3904

 []


Underfull \hbox (badness 10000) in paragraph at lines 3905--3913

 []


Underfull \hbox (badness 10000) in paragraph at lines 3914--3915

 []


Underfull \hbox (badness 10000) in paragraph at lines 3920--3923

 []

[86]
Underfull \hbox (badness 10000) in paragraph at lines 3924--3930

 []


Underfull \hbox (badness 10000) in paragraph at lines 3931--3932

 []


Underfull \hbox (badness 10000) in paragraph at lines 3936--3938

 []


Underfull \hbox (badness 10000) in paragraph at lines 3939--3945

 []


Underfull \hbox (badness 10000) in paragraph at lines 3946--3947

 []


Underfull \hbox (badness 10000) in paragraph at lines 3951--3953

 []


Underfull \hbox (badness 10000) in paragraph at lines 3954--3961

 []

[87]
Underfull \hbox (badness 10000) in paragraph at lines 3962--3963

 []


Underfull \hbox (badness 10000) in paragraph at lines 3970--3972

 []


Underfull \hbox (badness 10000) in paragraph at lines 3973--3980

 []


Underfull \hbox (badness 10000) in paragraph at lines 3981--3982

 []


Underfull \hbox (badness 10000) in paragraph at lines 3983--3987

 []


Underfull \hbox (badness 10000) in paragraph at lines 3988--3994

 []


Underfull \hbox (badness 10000) in paragraph at lines 3995--3996

 []

[88] [89] (Questions1400_1613.aux) ) 
Here is how much of TeX's memory you used:
 445 strings out of 95419
 5060 string characters out of 1187332
 51295 words of memory out of 1050899
 3608 multiletter control sequences out of 60000
 21717 words of font info for 79 fonts, out of 1000000 for 2000
 14 hyphenation exceptions out of 8191
 24i,10n,19p,253b,158s stack positions out of 5000i,500n,10000p,200000b,32768s
PDF statistics:
 309 PDF objects out of 300000
 0 named destinations out of 300000
 1 words of extra memory for PDF output out of 10000
<C:/Program Files/MiKTeX 2.5/fonts/type1/bl
uesky/cm/cmex10.pfb><C:/Program Files/MiKTeX 2.5/fonts/type1/bluesky/cm/cmr7.pf
b><C:/Program Files/MiKTeX 2.5/fonts/type1/bluesky/cm/cmmi10.pfb><C:/Program Fi
les/MiKTeX 2.5/fonts/type1/bluesky/cm/cmsy8.pfb><C:/Program Files/MiKTeX 2.5/fo
nts/type1/bluesky/cm/cmmi8.pfb><C:/Program Files/MiKTeX 2.5/fonts/type1/bluesky
/cm/cmsy10.pfb><C:/Program Files/MiKTeX 2.5/fonts/type1/bluesky/cm/cmr8.pfb><C:
/Program Files/MiKTeX 2.5/fonts/type1/bluesky/cm/cmmi12.pfb><C:/Program Files/M
iKTeX 2.5/fonts/type1/bluesky/cm/cmr12.pfb>
Output written on Questions1400_1613.pdf (89 pages, 232683 bytes).
