This is pdfTeX, Version 3.141592-1.40.4 (MiKTeX 2.6) (preloaded format=latex 2009.1.2)  4 JAN 2009 05:34
entering extended mode
**C:/Documents*and*Settings/HugoDrouin/Bureau/MEJ*été*2008/MEJ*Client**Google*C
ode/trunk/Traduction*de*questions/Questions1-1399/Questions_250-350_Anglais*REL
IRE*VÉRIF*DE*SAMUEL.tex

("C:\Documents and Settings\HugoDrouin\Bureau\MEJ été 2008\MEJ Client  Google C
ode\trunk\Traduction de questions\Questions1-1399\Questions_250-350_Anglais REL
IRE VÉRIF DE SAMUEL.tex"
LaTeX2e <2005/12/01>
Babel <v3.8l> and hyphenation patterns for english, dumylang, nohyphenation, ge
rman, ngerman, german-x-2008-06-18, ngerman-x-2008-06-18, french, loaded.
("C:\Program Files\MiKTeX 2.6\tex\latex\base\article.cls"
Document Class: article 2005/09/16 v1.4f Standard LaTeX document class
("C:\Program Files\MiKTeX 2.6\tex\latex\base\size12.clo"
File: size12.clo 2005/09/16 v1.4f Standard LaTeX file (size option)
)
\c@part=\count79
\c@section=\count80
\c@subsection=\count81
\c@subsubsection=\count82
\c@paragraph=\count83
\c@subparagraph=\count84
\c@figure=\count85
\c@table=\count86
\abovecaptionskip=\skip41
\belowcaptionskip=\skip42
\bibindent=\dimen102
)
("C:\Program Files\MiKTeX 2.6\tex\generic\babel\babel.sty"
Package: babel 2008/07/06 v3.8l The Babel package

*************************************
* Local config file bblopts.cfg used
*
("C:\Program Files\MiKTeX 2.6\tex\latex\00miktex\bblopts.cfg"
File: bblopts.cfg 2006/07/31 v1.0 MiKTeX 'babel' configuration
)
("C:\Program Files\MiKTeX 2.6\tex\generic\babel\frenchb.ldf"
Language: frenchb 2008/05/08 v2.2a French support from the babel system

("C:\Program Files\MiKTeX 2.6\tex\generic\babel\babel.def"
File: babel.def 2008/07/06 v3.8l Babel common definitions
\babel@savecnt=\count87
\U@D=\dimen103
)
Package babel Info: Making : an active character on input line 119.
Package babel Info: Making ; an active character on input line 120.
Package babel Info: Making ! an active character on input line 121.
Package babel Info: Making ? an active character on input line 122.
\FB@Mht=\dimen104
\std@mcc=\count88
\dec@mcc=\count89
\parindentFFN=\dimen105

*************************************
* Local config file frenchb.cfg used
*
("C:\Program Files\MiKTeX 2.6\tex\generic\babel\frenchb.cfg")))
("C:\Program Files\MiKTeX 2.6\tex\latex\carlisle\scalefnt.sty")
("C:\Program Files\MiKTeX 2.6\tex\latex\graphics\keyval.sty"
Package: keyval 1999/03/16 v1.13 key=value parser (DPC)
\KV@toks@=\toks14
)
("C:\Program Files\MiKTeX 2.6\tex\latex\amsmath\amsmath.sty"
Package: amsmath 2000/07/18 v2.13 AMS math features
\@mathmargin=\skip43

For additional information on amsmath, use the `?' option.
("C:\Program Files\MiKTeX 2.6\tex\latex\amsmath\amstext.sty"
Package: amstext 2000/06/29 v2.01

("C:\Program Files\MiKTeX 2.6\tex\latex\amsmath\amsgen.sty"
File: amsgen.sty 1999/11/30 v2.0
\@emptytoks=\toks15
\ex@=\dimen106
))
("C:\Program Files\MiKTeX 2.6\tex\latex\amsmath\amsbsy.sty"
Package: amsbsy 1999/11/29 v1.2d
\pmbraise@=\dimen107
)
("C:\Program Files\MiKTeX 2.6\tex\latex\amsmath\amsopn.sty"
Package: amsopn 1999/12/14 v2.01 operator names
)
\inf@bad=\count90
LaTeX Info: Redefining \frac on input line 211.
\uproot@=\count91
\leftroot@=\count92
LaTeX Info: Redefining \overline on input line 307.
\classnum@=\count93
\DOTSCASE@=\count94
LaTeX Info: Redefining \ldots on input line 379.
LaTeX Info: Redefining \dots on input line 382.
LaTeX Info: Redefining \cdots on input line 467.
\Mathstrutbox@=\box26
\strutbox@=\box27
\big@size=\dimen108
LaTeX Font Info:    Redeclaring font encoding OML on input line 567.
LaTeX Font Info:    Redeclaring font encoding OMS on input line 568.
\macc@depth=\count95
\c@MaxMatrixCols=\count96
\dotsspace@=\muskip10
\c@parentequation=\count97
\dspbrk@lvl=\count98
\tag@help=\toks16
\row@=\count99
\column@=\count100
\maxfields@=\count101
\andhelp@=\toks17
\eqnshift@=\dimen109
\alignsep@=\dimen110
\tagshift@=\dimen111
\tagwidth@=\dimen112
\totwidth@=\dimen113
\lineht@=\dimen114
\@envbody=\toks18
\multlinegap=\skip44
\multlinetaggap=\skip45
\mathdisplay@stack=\toks19
LaTeX Info: Redefining \[ on input line 2666.
LaTeX Info: Redefining \] on input line 2667.
)
("C:\Program Files\MiKTeX 2.6\tex\latex\amsfonts\amsfonts.sty"
Package: amsfonts 2001/10/25 v2.2f
\symAMSa=\mathgroup4
\symAMSb=\mathgroup5
LaTeX Font Info:    Overwriting math alphabet `\mathfrak' in version `bold'
(Font)                  U/euf/m/n --> U/euf/b/n on input line 132.
)
("C:\Program Files\MiKTeX 2.6\tex\latex\amscls\amsthm.sty"
Package: amsthm 2004/08/06 v2.20
\thm@style=\toks20
\thm@bodyfont=\toks21
\thm@headfont=\toks22
\thm@notefont=\toks23
\thm@headpunct=\toks24
\thm@preskip=\skip46
\thm@postskip=\skip47
\thm@headsep=\skip48
\dth@everypar=\toks25
)
("C:\Program Files\MiKTeX 2.6\tex\latex\amsfonts\amssymb.sty"
Package: amssymb 2002/01/22 v2.2d
)
("C:\Program Files\MiKTeX 2.6\tex\latex\graphics\graphicx.sty"
Package: graphicx 1999/02/16 v1.0f Enhanced LaTeX Graphics (DPC,SPQR)

("C:\Program Files\MiKTeX 2.6\tex\latex\graphics\graphics.sty"
Package: graphics 2006/02/20 v1.0o Standard LaTeX Graphics (DPC,SPQR)

("C:\Program Files\MiKTeX 2.6\tex\latex\graphics\trig.sty"
Package: trig 1999/03/16 v1.09 sin cos tan (DPC)
)
("C:\Program Files\MiKTeX 2.6\tex\latex\00miktex\graphics.cfg"
File: graphics.cfg 2007/01/18 v1.5 graphics configuration of teTeX/TeXLive
)
Package graphics Info: Driver file: dvips.def on input line 90.

("C:\Program Files\MiKTeX 2.6\tex\latex\graphics\dvips.def"
File: dvips.def 1999/02/16 v3.0i Driver-dependant file (DPC,SPQR)
))
\Gin@req@height=\dimen115
\Gin@req@width=\dimen116
)
("C:\Program Files\MiKTeX 2.6\tex\latex\wasysym\wasysym.sty"
Package: wasysym 2003/10/30 v2.0 Wasy-2 symbol support package
\symwasy=\mathgroup6
LaTeX Font Info:    Overwriting symbol font `wasy' in version `bold'
(Font)                  U/wasy/m/n --> U/wasy/b/n on input line 90.
)
("C:\Program Files\MiKTeX 2.6\tex\latex\multirow\multirow.sty"
\bigstrutjot=\dimen117
)
("C:\Program Files\MiKTeX 2.6\tex\latex\base\inputenc.sty"
Package: inputenc 2006/05/05 v1.1b Input encoding file
\inpenc@prehook=\toks26
\inpenc@posthook=\toks27

("C:\Program Files\MiKTeX 2.6\tex\latex\base\latin1.def"
File: latin1.def 2006/05/05 v1.1b Input encoding file
))
("Questions_250-350_Anglais RELIRE VÉRIF DE SAMUEL.aux")
LaTeX Font Info:    Checking defaults for OML/cmm/m/it on input line 16.
LaTeX Font Info:    ... okay on input line 16.
LaTeX Font Info:    Checking defaults for T1/cmr/m/n on input line 16.
LaTeX Font Info:    ... okay on input line 16.
LaTeX Font Info:    Checking defaults for OT1/cmr/m/n on input line 16.
LaTeX Font Info:    ... okay on input line 16.
LaTeX Font Info:    Checking defaults for OMS/cmsy/m/n on input line 16.
LaTeX Font Info:    ... okay on input line 16.
LaTeX Font Info:    Checking defaults for OMX/cmex/m/n on input line 16.
LaTeX Font Info:    ... okay on input line 16.
LaTeX Font Info:    Checking defaults for U/cmr/m/n on input line 16.
LaTeX Font Info:    ... okay on input line 16.
LaTeX Info: Redefining \degres on input line 16.
LaTeX Info: Redefining \dots on input line 16.
LaTeX Info: Redefining \up on input line 16.


Package frenchb.ldf Warning: OT1 encoding should not be used for French. 
(frenchb.ldf)                Add \usepackage[T1]{fontenc} to the preamble
(frenchb.ldf)                of your document, on input line 16.


Underfull \hbox (badness 10000) in paragraph at lines 18--19

 []


Underfull \hbox (badness 10000) in paragraph at lines 20--24

 []


Underfull \hbox (badness 10000) in paragraph at lines 25--26

 []


Underfull \hbox (badness 10000) in paragraph at lines 27--31

 []


Underfull \hbox (badness 10000) in paragraph at lines 32--35

 []


Underfull \hbox (badness 10000) in paragraph at lines 36--40

 []


Underfull \hbox (badness 10000) in paragraph at lines 41--42

 []


Underfull \hbox (badness 10000) in paragraph at lines 43--47

 []


Underfull \hbox (badness 10000) in paragraph at lines 48--50

 []


Underfull \hbox (badness 10000) in paragraph at lines 51--55

 []


Underfull \hbox (badness 10000) in paragraph at lines 56--57

 []


Underfull \hbox (badness 10000) in paragraph at lines 58--63

 []


Underfull \hbox (badness 10000) in paragraph at lines 64--65

 []


Underfull \hbox (badness 10000) in paragraph at lines 66--68

 []


Underfull \hbox (badness 10000) in paragraph at lines 69--73

 []

[1

]
Underfull \hbox (badness 10000) in paragraph at lines 74--75

 []


Underfull \hbox (badness 10000) in paragraph at lines 76--81

 []


Underfull \hbox (badness 10000) in paragraph at lines 82--83

 []


Underfull \hbox (badness 10000) in paragraph at lines 84--88

 []


Underfull \hbox (badness 10000) in paragraph at lines 89--93

 []


Underfull \hbox (badness 10000) in paragraph at lines 94--95

 []


Underfull \hbox (badness 10000) in paragraph at lines 96--101

 []


Underfull \hbox (badness 10000) in paragraph at lines 102--103

 []


Underfull \hbox (badness 10000) in paragraph at lines 104--108

 []


Underfull \hbox (badness 10000) in paragraph at lines 109--113

 []


Underfull \hbox (badness 10000) in paragraph at lines 114--115

 []


Underfull \hbox (badness 10000) in paragraph at lines 116--121

 []

[2]
Underfull \hbox (badness 10000) in paragraph at lines 122--123

 []


Underfull \hbox (badness 10000) in paragraph at lines 124--126

 []

LaTeX Font Info:    Try loading font information for U+msa on input line 127.
("C:\Program Files\MiKTeX 2.6\tex\latex\amsfonts\umsa.fd"
File: umsa.fd 2002/01/19 v2.2g AMS font definitions
)
LaTeX Font Info:    Try loading font information for U+msb on input line 127.

("C:\Program Files\MiKTeX 2.6\tex\latex\amsfonts\umsb.fd"
File: umsb.fd 2002/01/19 v2.2g AMS font definitions
)
LaTeX Font Info:    Try loading font information for U+wasy on input line 127.

("C:\Program Files\MiKTeX 2.6\tex\latex\wasysym\uwasy.fd"
File: uwasy.fd 2003/10/30 v2.0 Wasy-2 symbol font definitions
)
Underfull \hbox (badness 10000) in paragraph at lines 127--131

 []


Underfull \hbox (badness 10000) in paragraph at lines 132--133

 []


Underfull \hbox (badness 10000) in paragraph at lines 134--138

 []

File: triangle25.eps Graphic file (type eps)
<triangle25.eps>
Underfull \hbox (badness 10000) in paragraph at lines 144--146

 []


Underfull \hbox (badness 10000) in paragraph at lines 147--151

 []


Underfull \hbox (badness 10000) in paragraph at lines 152--153

 []


Underfull \hbox (badness 10000) in paragraph at lines 154--158

 []


Underfull \hbox (badness 10000) in paragraph at lines 159--161

 []

[3]
Underfull \hbox (badness 10000) in paragraph at lines 162--166

 []


Underfull \hbox (badness 10000) in paragraph at lines 167--168

 []


Underfull \hbox (badness 10000) in paragraph at lines 169--172

 []


Underfull \hbox (badness 10000) in paragraph at lines 173--175

 []


Underfull \hbox (badness 10000) in paragraph at lines 176--180

 []


Underfull \hbox (badness 10000) in paragraph at lines 181--182

 []


Underfull \hbox (badness 10000) in paragraph at lines 183--187

 []


Underfull \hbox (badness 10000) in paragraph at lines 189--190

 []


Underfull \hbox (badness 10000) in paragraph at lines 191--196

 []


Underfull \hbox (badness 10000) in paragraph at lines 197--198

 []


Underfull \hbox (badness 10000) in paragraph at lines 199--202

 []


Underfull \hbox (badness 10000) in paragraph at lines 203--204

 []


Underfull \hbox (badness 10000) in paragraph at lines 205--211

 []


Underfull \hbox (badness 10000) in paragraph at lines 212--213

 []

[4]
Underfull \hbox (badness 10000) in paragraph at lines 214--217

 []


Underfull \hbox (badness 10000) in paragraph at lines 218--219

 []


Underfull \hbox (badness 10000) in paragraph at lines 220--228

 []


Underfull \hbox (badness 10000) in paragraph at lines 229--230

 []


Underfull \hbox (badness 10000) in paragraph at lines 231--234

 []


Underfull \hbox (badness 10000) in paragraph at lines 235--236

 []


Underfull \hbox (badness 10000) in paragraph at lines 237--247

 []


Underfull \hbox (badness 10000) in paragraph at lines 248--249

 []


Underfull \hbox (badness 10000) in paragraph at lines 250--254

 []


Underfull \hbox (badness 10000) in paragraph at lines 256--264

 []


Underfull \hbox (badness 10000) in paragraph at lines 265--269

 []


Underfull \hbox (badness 10000) in paragraph at lines 270--271

 []


Underfull \hbox (badness 10000) in paragraph at lines 272--276

 []

[5]
Underfull \hbox (badness 10000) in paragraph at lines 277--279

 []


Underfull \hbox (badness 10000) in paragraph at lines 280--284

 []


Underfull \hbox (badness 10000) in paragraph at lines 285--286

 []


Underfull \hbox (badness 10000) in paragraph at lines 287--294

 []


Underfull \hbox (badness 10000) in paragraph at lines 295--298

 []


Underfull \hbox (badness 10000) in paragraph at lines 299--303

 []


Underfull \hbox (badness 10000) in paragraph at lines 304--305

 []


Underfull \hbox (badness 10000) in paragraph at lines 306--310

 []


Underfull \hbox (badness 10000) in paragraph at lines 311--312

 []


Underfull \hbox (badness 10000) in paragraph at lines 313--321

 []


Underfull \hbox (badness 10000) in paragraph at lines 322--323

 []


Underfull \hbox (badness 10000) in paragraph at lines 324--329

 []

[6]
Underfull \hbox (badness 10000) in paragraph at lines 330--331

 []


Underfull \hbox (badness 10000) in paragraph at lines 332--340

 []


Underfull \hbox (badness 10000) in paragraph at lines 341--342

 []


Underfull \hbox (badness 10000) in paragraph at lines 343--346

 []


Underfull \hbox (badness 10000) in paragraph at lines 348--350

 []


Underfull \hbox (badness 10000) in paragraph at lines 351--355

 []


Underfull \hbox (badness 10000) in paragraph at lines 356--357

 []


Underfull \hbox (badness 10000) in paragraph at lines 358--366

 []


Underfull \hbox (badness 10000) in paragraph at lines 367--369

 []


Underfull \hbox (badness 10000) in paragraph at lines 370--374

 []


Underfull \hbox (badness 10000) in paragraph at lines 375--376

 []

[7]
Underfull \hbox (badness 10000) in paragraph at lines 377--385

 []


Underfull \hbox (badness 10000) in paragraph at lines 386--391

 []


Underfull \hbox (badness 10000) in paragraph at lines 392--396

 []


Underfull \hbox (badness 10000) in paragraph at lines 397--398

 []


Underfull \hbox (badness 10000) in paragraph at lines 399--406

 []


Underfull \hbox (badness 10000) in paragraph at lines 407--411

 []


Underfull \hbox (badness 10000) in paragraph at lines 412--416

 []


Underfull \hbox (badness 10000) in paragraph at lines 417--418

 []


Underfull \hbox (badness 10000) in paragraph at lines 419--427

 []


Underfull \hbox (badness 10000) in paragraph at lines 428--432

 []

[8]
Underfull \hbox (badness 10000) in paragraph at lines 433--437

 []


Underfull \hbox (badness 10000) in paragraph at lines 438--439

 []


Underfull \hbox (badness 10000) in paragraph at lines 440--447

 []


Underfull \hbox (badness 10000) in paragraph at lines 448--452

 []


Underfull \hbox (badness 10000) in paragraph at lines 454--458

 []


Underfull \hbox (badness 10000) in paragraph at lines 459--460

 []


Underfull \hbox (badness 10000) in paragraph at lines 461--472

 []


Underfull \hbox (badness 10000) in paragraph at lines 473--476

 []


Underfull \hbox (badness 10000) in paragraph at lines 477--481

 []


Underfull \hbox (badness 10000) in paragraph at lines 482--483

 []

[9]
Underfull \hbox (badness 10000) in paragraph at lines 484--489

 []


Underfull \hbox (badness 10000) in paragraph at lines 490--491

 []


Underfull \hbox (badness 10000) in paragraph at lines 492--498

 []


Underfull \hbox (badness 10000) in paragraph at lines 499--500

 []


Underfull \hbox (badness 10000) in paragraph at lines 501--504

 []


Underfull \hbox (badness 10000) in paragraph at lines 505--506

 []


Underfull \hbox (badness 10000) in paragraph at lines 507--511

 []


Underfull \hbox (badness 10000) in paragraph at lines 512--513

 []


Underfull \hbox (badness 10000) in paragraph at lines 514--517

 []

File: rectanglesemblable1.eps Graphic file (type eps)
<rectanglesemblable1.eps>
File: trianglesemblable.eps Graphic file (type eps)
 <trianglesemblable.eps> [10]
File: trianglesemblable1.eps Graphic file (type eps)

<trianglesemblable1.eps>
Underfull \hbox (badness 10000) in paragraph at lines 535--541

 []


Underfull \hbox (badness 10000) in paragraph at lines 544--550

 []


Underfull \hbox (badness 10000) in paragraph at lines 551--555

 []


Underfull \hbox (badness 10000) in paragraph at lines 556--557

 []


Underfull \hbox (badness 10000) in paragraph at lines 558--561

 []


Underfull \hbox (badness 10000) in paragraph at lines 563--566

 []


Underfull \hbox (badness 10000) in paragraph at lines 567--575

 []


Underfull \hbox (badness 10000) in paragraph at lines 576--577

 []


Underfull \hbox (badness 10000) in paragraph at lines 578--586

 []

[11]
Underfull \hbox (badness 10000) in paragraph at lines 587--592

 []


Underfull \hbox (badness 10000) in paragraph at lines 593--597

 []


Underfull \hbox (badness 10000) in paragraph at lines 598--599

 []


Underfull \hbox (badness 10000) in paragraph at lines 600--603

 []


Underfull \hbox (badness 10000) in paragraph at lines 604--608

 []


Underfull \hbox (badness 10000) in paragraph at lines 609--613

 []


Underfull \hbox (badness 10000) in paragraph at lines 614--615

 []


Underfull \hbox (badness 10000) in paragraph at lines 616--620

 []


Underfull \hbox (badness 10000) in paragraph at lines 621--625

 []


Underfull \hbox (badness 10000) in paragraph at lines 626--630

 []


Underfull \hbox (badness 10000) in paragraph at lines 631--632

 []


Underfull \hbox (badness 10000) in paragraph at lines 633--636

 []


Underfull \hbox (badness 10000) in paragraph at lines 637--642

 []

[12]
Underfull \hbox (badness 10000) in paragraph at lines 643--647

 []


Underfull \hbox (badness 10000) in paragraph at lines 648--649

 []


Underfull \hbox (badness 10000) in paragraph at lines 650--654

 []


Underfull \hbox (badness 10000) in paragraph at lines 655--657

 []


Underfull \hbox (badness 10000) in paragraph at lines 658--666

 []


Underfull \hbox (badness 10000) in paragraph at lines 667--668

 []


Underfull \hbox (badness 10000) in paragraph at lines 669--673

 []


Underfull \hbox (badness 10000) in paragraph at lines 674--676

 []


Underfull \hbox (badness 10000) in paragraph at lines 677--685

 []


Underfull \hbox (badness 10000) in paragraph at lines 686--687

 []


Underfull \hbox (badness 10000) in paragraph at lines 688--691

 []


Underfull \hbox (badness 10000) in paragraph at lines 692--693

 []


Underfull \hbox (badness 10000) in paragraph at lines 694--706

 []

[13]
Underfull \hbox (badness 10000) in paragraph at lines 707--708

 []


Underfull \hbox (badness 10000) in paragraph at lines 709--715

 []


Underfull \hbox (badness 10000) in paragraph at lines 716--717

 []


Underfull \hbox (badness 10000) in paragraph at lines 718--730

 []


Underfull \hbox (badness 10000) in paragraph at lines 731--732

 []


Underfull \hbox (badness 10000) in paragraph at lines 733--738

 []


Underfull \hbox (badness 10000) in paragraph at lines 739--740

 []


Underfull \hbox (badness 10000) in paragraph at lines 741--753

 []


Underfull \hbox (badness 10000) in paragraph at lines 754--755

 []


Underfull \hbox (badness 10000) in paragraph at lines 756--760

 []


Underfull \hbox (badness 10000) in paragraph at lines 761--764

 []


Underfull \hbox (badness 10000) in paragraph at lines 765--769

 []


Underfull \hbox (badness 10000) in paragraph at lines 770--771

 []


Underfull \hbox (badness 10000) in paragraph at lines 772--775

 []


Underfull \hbox (badness 10000) in paragraph at lines 776--778

 []

[14]
Underfull \hbox (badness 10000) in paragraph at lines 779--783

 []


Underfull \hbox (badness 10000) in paragraph at lines 784--785

 []


Underfull \hbox (badness 10000) in paragraph at lines 786--790

 []


Underfull \hbox (badness 10000) in paragraph at lines 791--793

 []


Underfull \hbox (badness 10000) in paragraph at lines 794--798

 []


Underfull \hbox (badness 10000) in paragraph at lines 800--801

 []


Underfull \hbox (badness 10000) in paragraph at lines 802--806

 []


Underfull \hbox (badness 10000) in paragraph at lines 807--809

 []


Underfull \hbox (badness 10000) in paragraph at lines 810--818

 []


Underfull \hbox (badness 10000) in paragraph at lines 819--820

 []


Underfull \hbox (badness 10000) in paragraph at lines 821--825

 []


Underfull \hbox (badness 10000) in paragraph at lines 827--829

 []


Underfull \hbox (badness 10000) in paragraph at lines 830--834

 []

[15]
Underfull \hbox (badness 10000) in paragraph at lines 835--836

 []


Underfull \hbox (badness 10000) in paragraph at lines 837--840

 []


Underfull \hbox (badness 10000) in paragraph at lines 841--843

 []


Underfull \hbox (badness 10000) in paragraph at lines 844--848

 []


Underfull \hbox (badness 10000) in paragraph at lines 849--850

 []


Underfull \hbox (badness 10000) in paragraph at lines 851--854

 []


Underfull \hbox (badness 10000) in paragraph at lines 855--859

 []


Underfull \hbox (badness 10000) in paragraph at lines 860--864

 []


Underfull \hbox (badness 10000) in paragraph at lines 865--866

 []


Underfull \hbox (badness 10000) in paragraph at lines 867--871

 []


Underfull \hbox (badness 10000) in paragraph at lines 872--873

 []


Underfull \hbox (badness 10000) in paragraph at lines 874--878

 []


Underfull \hbox (badness 10000) in paragraph at lines 879--880

 []


Underfull \hbox (badness 10000) in paragraph at lines 881--883

 []

[16]
Underfull \hbox (badness 10000) in paragraph at lines 885--886

 []


Underfull \hbox (badness 10000) in paragraph at lines 887--891

 []


Underfull \hbox (badness 10000) in paragraph at lines 887--891

 []


Underfull \hbox (badness 10000) in paragraph at lines 892--893

 []


Underfull \hbox (badness 10000) in paragraph at lines 894--896

 []


Underfull \hbox (badness 10000) in paragraph at lines 897--898

 []


Underfull \hbox (badness 10000) in paragraph at lines 899--903

 []


Underfull \hbox (badness 10000) in paragraph at lines 904--905

 []


Underfull \hbox (badness 10000) in paragraph at lines 906--908

 []


Underfull \hbox (badness 10000) in paragraph at lines 911--915

 []


Underfull \hbox (badness 10000) in paragraph at lines 916--920

 []


Underfull \hbox (badness 10000) in paragraph at lines 921--922

 []


Underfull \hbox (badness 10000) in paragraph at lines 923--931

 []

[17]
Underfull \hbox (badness 10000) in paragraph at lines 932--933

 []


Underfull \hbox (badness 10000) in paragraph at lines 934--938

 []


Underfull \hbox (badness 10000) in paragraph at lines 939--940

 []


Underfull \hbox (badness 10000) in paragraph at lines 941--943

 []


Underfull \hbox (badness 10000) in paragraph at lines 944--945

 []


Underfull \hbox (badness 10000) in paragraph at lines 946--950

 []


Underfull \hbox (badness 10000) in paragraph at lines 951--952

 []


Underfull \hbox (badness 10000) in paragraph at lines 953--955

 []


Underfull \hbox (badness 10000) in paragraph at lines 956--957

 []


Underfull \hbox (badness 10000) in paragraph at lines 958--962

 []


Underfull \hbox (badness 10000) in paragraph at lines 963--964

 []


Underfull \hbox (badness 10000) in paragraph at lines 965--970

 []

[18]
Underfull \hbox (badness 10000) in paragraph at lines 972--973

 []


Underfull \hbox (badness 10000) in paragraph at lines 974--978

 []


Underfull \hbox (badness 10000) in paragraph at lines 979--980

 []


Underfull \hbox (badness 10000) in paragraph at lines 981--985

 []


Underfull \hbox (badness 10000) in paragraph at lines 987--988

 []


Underfull \hbox (badness 10000) in paragraph at lines 989--993

 []


Underfull \hbox (badness 10000) in paragraph at lines 994--995

 []


Underfull \hbox (badness 10000) in paragraph at lines 996--1001

 []


Underfull \hbox (badness 10000) in paragraph at lines 1002--1003

 []


Underfull \hbox (badness 10000) in paragraph at lines 1004--1008

 []


Underfull \hbox (badness 10000) in paragraph at lines 1009--1010

 []


Underfull \hbox (badness 10000) in paragraph at lines 1011--1014

 []

[19]
Underfull \hbox (badness 10000) in paragraph at lines 1016--1017

 []


Underfull \hbox (badness 10000) in paragraph at lines 1018--1022

 []


Underfull \hbox (badness 10000) in paragraph at lines 1023--1024

 []


Underfull \hbox (badness 10000) in paragraph at lines 1025--1030

 []


Underfull \hbox (badness 10000) in paragraph at lines 1031--1032

 []


Underfull \hbox (badness 10000) in paragraph at lines 1033--1037

 []


Underfull \hbox (badness 10000) in paragraph at lines 1038--1039

 []

File: 313.eps Graphic file (type eps)
<313.eps>
Underfull \hbox (badness 10000) in paragraph at lines 1046--1047

 []


Underfull \hbox (badness 10000) in paragraph at lines 1048--1049

 []


Underfull \hbox (badness 10000) in paragraph at lines 1050--1054

 []

[20]
Underfull \hbox (badness 10000) in paragraph at lines 1056--1057

 []


Underfull \hbox (badness 10000) in paragraph at lines 1058--1065

 []


Underfull \hbox (badness 10000) in paragraph at lines 1066--1067

 []


Underfull \hbox (badness 10000) in paragraph at lines 1068--1072

 []


Underfull \hbox (badness 10000) in paragraph at lines 1073--1074

 []


Underfull \hbox (badness 10000) in paragraph at lines 1075--1079

 []


Underfull \hbox (badness 10000) in paragraph at lines 1080--1081

 []


Underfull \hbox (badness 10000) in paragraph at lines 1082--1086

 []


Underfull \hbox (badness 10000) in paragraph at lines 1087--1088

 []


Underfull \hbox (badness 10000) in paragraph at lines 1089--1098

 []

[21]
Underfull \hbox (badness 10000) in paragraph at lines 1099--1100

 []


Underfull \hbox (badness 10000) in paragraph at lines 1101--1105

 []


Underfull \hbox (badness 10000) in paragraph at lines 1106--1107

 []


Underfull \hbox (badness 10000) in paragraph at lines 1108--1110

 []


Underfull \hbox (badness 10000) in paragraph at lines 1111--1112

 []


Underfull \hbox (badness 10000) in paragraph at lines 1113--1117

 []


Underfull \hbox (badness 10000) in paragraph at lines 1118--1119

 []


Underfull \hbox (badness 10000) in paragraph at lines 1120--1122

 []


Underfull \hbox (badness 10000) in paragraph at lines 1123--1124

 []


Underfull \hbox (badness 10000) in paragraph at lines 1125--1129

 []


Underfull \hbox (badness 10000) in paragraph at lines 1130--1131

 []


Underfull \hbox (badness 10000) in paragraph at lines 1132--1134

 []


Underfull \hbox (badness 10000) in paragraph at lines 1136--1137

 []


Underfull \hbox (badness 10000) in paragraph at lines 1138--1142

 []

[22]
Underfull \hbox (badness 10000) in paragraph at lines 1143--1147

 []


Underfull \hbox (badness 10000) in paragraph at lines 1148--1149

 []


Underfull \hbox (badness 10000) in paragraph at lines 1150--1154

 []


Underfull \hbox (badness 10000) in paragraph at lines 1156--1157

 []


Underfull \hbox (badness 10000) in paragraph at lines 1158--1162

 []


Underfull \hbox (badness 10000) in paragraph at lines 1163--1164

 []


Underfull \hbox (badness 10000) in paragraph at lines 1165--1168

 []


Underfull \hbox (badness 10000) in paragraph at lines 1169--1170

 []


Underfull \hbox (badness 10000) in paragraph at lines 1171--1175

 []


Underfull \hbox (badness 10000) in paragraph at lines 1176--1177

 []


Underfull \hbox (badness 10000) in paragraph at lines 1178--1180

 []


Underfull \hbox (badness 10000) in paragraph at lines 1181--1182

 []


Underfull \hbox (badness 10000) in paragraph at lines 1183--1187

 []

[23]
Underfull \hbox (badness 10000) in paragraph at lines 1188--1189

 []


Underfull \hbox (badness 10000) in paragraph at lines 1190--1192

 []


Underfull \hbox (badness 10000) in paragraph at lines 1193--1194

 []


Underfull \hbox (badness 10000) in paragraph at lines 1195--1199

 []


Underfull \hbox (badness 10000) in paragraph at lines 1200--1201

 []


Underfull \hbox (badness 10000) in paragraph at lines 1202--1206

 []


Underfull \hbox (badness 10000) in paragraph at lines 1207--1208

 []


Underfull \hbox (badness 10000) in paragraph at lines 1209--1213

 []


Underfull \hbox (badness 10000) in paragraph at lines 1214--1215

 []


Underfull \hbox (badness 10000) in paragraph at lines 1216--1218

 []


Underfull \hbox (badness 10000) in paragraph at lines 1219--1221

 []


Underfull \hbox (badness 10000) in paragraph at lines 1222--1226

 []


Underfull \hbox (badness 10000) in paragraph at lines 1227--1228

 []

[24]
Underfull \hbox (badness 10000) in paragraph at lines 1229--1233

 []


Underfull \hbox (badness 10000) in paragraph at lines 1235--1236

 []


Underfull \hbox (badness 10000) in paragraph at lines 1237--1238

 []


Underfull \hbox (badness 10000) in paragraph at lines 1239--1241

 []


Underfull \hbox (badness 10000) in paragraph at lines 1242--1251

 []


Underfull \hbox (badness 10000) in paragraph at lines 1252--1258

 []


Underfull \hbox (badness 10000) in paragraph at lines 1259--1260

 []


Underfull \hbox (badness 10000) in paragraph at lines 1261--1265

 []


Underfull \hbox (badness 10000) in paragraph at lines 1266--1267

 []


Underfull \hbox (badness 10000) in paragraph at lines 1268--1271

 []


Underfull \hbox (badness 10000) in paragraph at lines 1273--1274

 []


Underfull \hbox (badness 10000) in paragraph at lines 1275--1279

 []

[25]
Underfull \hbox (badness 10000) in paragraph at lines 1280--1281

 []


Underfull \hbox (badness 10000) in paragraph at lines 1282--1289

 []


Underfull \hbox (badness 10000) in paragraph at lines 1291--1295

 []


Underfull \hbox (badness 10000) in paragraph at lines 1296--1300

 []


Underfull \hbox (badness 10000) in paragraph at lines 1301--1302

 []


Underfull \hbox (badness 10000) in paragraph at lines 1303--1311

 []


Underfull \hbox (badness 10000) in paragraph at lines 1312--1313

 []


Underfull \hbox (badness 10000) in paragraph at lines 1314--1318

 []


Underfull \hbox (badness 10000) in paragraph at lines 1319--1320

 []


Underfull \hbox (badness 10000) in paragraph at lines 1321--1323

 []

[26]
Underfull \hbox (badness 10000) in paragraph at lines 1324--1325

 []


Underfull \hbox (badness 10000) in paragraph at lines 1326--1330

 []


Underfull \hbox (badness 10000) in paragraph at lines 1331--1332

 []


Underfull \hbox (badness 10000) in paragraph at lines 1333--1336

 []


Underfull \hbox (badness 10000) in paragraph at lines 1337--1338

 []


Underfull \hbox (badness 10000) in paragraph at lines 1339--1343

 []


Underfull \hbox (badness 10000) in paragraph at lines 1344--1345

 []


Underfull \hbox (badness 10000) in paragraph at lines 1346--1348

 []


Underfull \hbox (badness 10000) in paragraph at lines 1349--1350

 []


Underfull \hbox (badness 10000) in paragraph at lines 1351--1355

 []


Underfull \hbox (badness 10000) in paragraph at lines 1356--1357

 []


Underfull \hbox (badness 10000) in paragraph at lines 1358--1360

 []


Underfull \hbox (badness 10000) in paragraph at lines 1361--1362

 []


Underfull \hbox (badness 10000) in paragraph at lines 1363--1367

 []

[27]
Underfull \hbox (badness 10000) in paragraph at lines 1368--1369

 []


Underfull \hbox (badness 10000) in paragraph at lines 1370--1374

 []


Underfull \hbox (badness 10000) in paragraph at lines 1375--1376

 []


Underfull \hbox (badness 10000) in paragraph at lines 1377--1381

 []


Underfull \hbox (badness 10000) in paragraph at lines 1382--1383

 []


Underfull \hbox (badness 10000) in paragraph at lines 1384--1388

 []


Underfull \hbox (badness 10000) in paragraph at lines 1389--1390

 []


Underfull \hbox (badness 10000) in paragraph at lines 1391--1395

 []


Underfull \hbox (badness 10000) in paragraph at lines 1396--1397

 []


Underfull \hbox (badness 10000) in paragraph at lines 1398--1401

 []


Underfull \hbox (badness 10000) in paragraph at lines 1402--1403

 []


Underfull \hbox (badness 10000) in paragraph at lines 1404--1408

 []

[28]
Underfull \hbox (badness 10000) in paragraph at lines 1409--1410

 []


Underfull \hbox (badness 10000) in paragraph at lines 1411--1413

 []


Underfull \hbox (badness 10000) in paragraph at lines 1415--1416

 []


Underfull \hbox (badness 10000) in paragraph at lines 1417--1421

 []


Underfull \hbox (badness 10000) in paragraph at lines 1422--1423

 []


Underfull \hbox (badness 10000) in paragraph at lines 1424--1426

 []


Underfull \hbox (badness 10000) in paragraph at lines 1427--1428

 []


Underfull \hbox (badness 10000) in paragraph at lines 1429--1433

 []


Underfull \hbox (badness 10000) in paragraph at lines 1434--1435

 []


Underfull \hbox (badness 10000) in paragraph at lines 1436--1443

 []


Underfull \hbox (badness 10000) in paragraph at lines 1444--1445

 []


Underfull \hbox (badness 10000) in paragraph at lines 1446--1450

 []

[29]
Underfull \hbox (badness 10000) in paragraph at lines 1451--1452

 []


Underfull \hbox (badness 10000) in paragraph at lines 1453--1457

 []


Underfull \hbox (badness 10000) in paragraph at lines 1458--1459

 []


Underfull \hbox (badness 10000) in paragraph at lines 1460--1464

 []


Underfull \hbox (badness 10000) in paragraph at lines 1465--1466

 []


Underfull \hbox (badness 10000) in paragraph at lines 1467--1471

 []


Underfull \hbox (badness 10000) in paragraph at lines 1472--1473

 []


Underfull \hbox (badness 10000) in paragraph at lines 1474--1478

 []


Underfull \hbox (badness 10000) in paragraph at lines 1479--1480

 []


Underfull \hbox (badness 10000) in paragraph at lines 1481--1487

 []

[30]
Underfull \hbox (badness 10000) in paragraph at lines 1488--1490

 []


Underfull \hbox (badness 10000) in paragraph at lines 1491--1495

 []


Underfull \hbox (badness 10000) in paragraph at lines 1496--1497

 []


Underfull \hbox (badness 10000) in paragraph at lines 1498--1502

 []


Underfull \hbox (badness 10000) in paragraph at lines 1503--1504

 []


Underfull \hbox (badness 10000) in paragraph at lines 1505--1509

 []


Underfull \hbox (badness 10000) in paragraph at lines 1510--1511

 []


Underfull \hbox (badness 10000) in paragraph at lines 1512--1515

 []


Underfull \hbox (badness 10000) in paragraph at lines 1516--1517

 []


Underfull \hbox (badness 10000) in paragraph at lines 1518--1522

 []


Underfull \hbox (badness 10000) in paragraph at lines 1523--1524

 []

[31]
Underfull \hbox (badness 10000) in paragraph at lines 1525--1534

 []


Underfull \hbox (badness 10000) in paragraph at lines 1535--1537

 []


Underfull \hbox (badness 10000) in paragraph at lines 1538--1542

 []


Underfull \hbox (badness 10000) in paragraph at lines 1543--1544

 []


Underfull \hbox (badness 10000) in paragraph at lines 1545--1547

 []

[32] ("Questions_250-350_Anglais RELIRE VÉRIF DE SAMUEL.aux") ) 
Here is how much of TeX's memory you used:
 2484 strings out of 95246
 28754 string characters out of 1183510
 86456 words of memory out of 1085404
 5556 multiletter control sequences out of 60000
 9282 words of font info for 36 fonts, out of 1000000 for 2000
 14 hyphenation exceptions out of 8191
 27i,6n,24p,633b,208s stack positions out of 5000i,500n,10000p,200000b,32768s

Output written on "Questions_250-350_Anglais RELIRE VÉRIF DE SAMUEL.dvi" (32 pa
ges, 144312 bytes).
